2020-08-31 04:26:26 +0000  Initial pipeline context: <IDEDistributionProcessingPipelineContext: 0x7f86effa8750; archive(resolved)='<IDEArchive: 0x7f8704e89b20>', distributionTask(resolved)='2', distributionDestination(resolved)='1', distributionMethod(resolved)='<IDEDistributionMethodDevelopmentSignedMac: 0x7f86ef4e3d50>', team(resolved)='<IDEProvisioningDisambiguatableBasicTeam: 0x7f871bb6f660; teamID='HEQGGF6N89', teamName='Orange electronic', teamType='Company', username='orangeapp@orange-electronic.com', isFreeProvisioningTeam='0'>'>
	Chain (11, self inclusive):
	<IDEDistributionProcessingPipelineContext: 0x7f86effa8750; archive = '<IDEArchive: 0x7f8704e89b20>', distributionMethod='<IDEDistributionMethodDevelopmentSignedMac: 0x7f86ef4e3d50>', team='<IDEProvisioningDisambiguatableBasicTeam: 0x7f871bb6f660; teamID='HEQGGF6N89', teamName='Orange electronic', teamType='Company', username='orangeapp@orange-electronic.com', isFreeProvisioningTeam='0'>'>
	<IDEDistributionProcessingPipelineContext: 0x7f86f211d910; archive = '<IDEArchive: 0x7f8704e89b20>', distributionMethod='<IDEDistributionMethodDevelopmentSignedMac: 0x7f86ef4e3d50>', team='<IDEProvisioningDisambiguatableBasicTeam: 0x7f871bb6f660; teamID='HEQGGF6N89', teamName='Orange electronic', teamType='Company', username='orangeapp@orange-electronic.com', isFreeProvisioningTeam='0'>'>
	<IDEDistributionContext: 0x7f86f60769e0; archive = '<IDEArchive: 0x7f8704e89b20>', distributionMethod='<IDEDistributionMethodDevelopmentSignedMac: 0x7f86ef4e3d50>', team='<IDEProvisioningDisambiguatableBasicTeam: 0x7f871bb6f660; teamID='HEQGGF6N89', teamName='Orange electronic', teamType='Company', username='orangeapp@orange-electronic.com', isFreeProvisioningTeam='0'>'>
	<IDEDistributionContext: 0x7f86eeb90cf0; archive = '<IDEArchive: 0x7f8704e89b20>', distributionMethod='<IDEDistributionMethodDevelopmentSignedMac: 0x7f86ef4e3d50>', team='<IDEProvisioningDisambiguatableBasicTeam: 0x7f871bb6f660; teamID='HEQGGF6N89', teamName='Orange electronic', teamType='Company', username='orangeapp@orange-electronic.com', isFreeProvisioningTeam='0'>'>
	<IDEDistributionContext: 0x7f870d4e55b0; archive = '<IDEArchive: 0x7f8704e89b20>', distributionMethod='<IDEDistributionMethodDevelopmentSignedMac: 0x7f86ef4e3d50>', team='<IDEProvisioningDisambiguatableBasicTeam: 0x7f871bb6f660; teamID='HEQGGF6N89', teamName='Orange electronic', teamType='Company', username='orangeapp@orange-electronic.com', isFreeProvisioningTeam='0'>'>
	<IDEDistributionContext: 0x7f86f2fc7910; archive = '<IDEArchive: 0x7f8704e89b20>', distributionMethod='<IDEDistributionMethodDevelopmentSignedMac: 0x7f86ef4e3d50>', team='<IDEProvisioningDisambiguatableBasicTeam: 0x7f871bb6f660; teamID='HEQGGF6N89', teamName='Orange electronic', teamType='Company', username='orangeapp@orange-electronic.com', isFreeProvisioningTeam='0'>'>
	<IDEDistributionContext: 0x7f86f2fc4250; archive = '<IDEArchive: 0x7f8704e89b20>', distributionMethod='<IDEDistributionMethodDevelopmentSignedMac: 0x7f86ef4e3d50>', team='<IDEProvisioningDisambiguatableBasicTeam: 0x7f871bb6f660; teamID='HEQGGF6N89', teamName='Orange electronic', teamType='Company', username='orangeapp@orange-electronic.com', isFreeProvisioningTeam='0'>'>
	<IDEDistributionContext: 0x7f8719b32810; archive = '<IDEArchive: 0x7f8704e89b20>', distributionMethod='<IDEDistributionMethodDevelopmentSignedMac: 0x7f86ef4e3d50>', team='<IDEProvisioningDisambiguatableBasicTeam: 0x7f871bb6f660; teamID='HEQGGF6N89', teamName='Orange electronic', teamType='Company', username='orangeapp@orange-electronic.com', isFreeProvisioningTeam='0'>'>
	<IDEDistributionContext: 0x7f8719b91830; archive = '<IDEArchive: 0x7f8704e89b20>', distributionMethod='<IDEDistributionMethodDevelopmentSignedMac: 0x7f86ef4e3d50>', team='(null)'>
	<IDEDistributionContext: 0x7f86f6d107b0; archive = '<IDEArchive: 0x7f8704e89b20>', distributionMethod='<IDEDistributionMethodDevelopmentSignedMac: 0x7f86ef4e3d50>', team='(null)'>
	<IDEDistributionContext: 0x7f871a4b4300; archive = '<IDEArchive: 0x7f8704e89b20>', distributionMethod='(null)', team='(null)'>
</IDEDistributionProcessingPipelineContext: 0x7f86effa8750>
2020-08-31 04:26:26 +0000  Processing step: IDEDistributionCreateDestRootStep
2020-08-31 04:26:26 +0000  Processing step: IDEDistributionCopyItemStep
2020-08-31 04:26:26 +0000  Running /usr/bin/ditto '-V' '/Users/jianzhi.wang/Library/Developer/Xcode/Archives/2020-08-31/USB TPMS 2020-8-31, 12.25 PM.xcarchive/Products/Applications/USB TPMS.app' '/var/folders/2_/0wmkjr3518x35122wb_2y2g80000gn/T/XcodeDistPipeline.~~~T4dgOO/Root/Applications/USB TPMS.app'
2020-08-31 04:26:26 +0000  >>> Copying /Users/jianzhi.wang/Library/Developer/Xcode/Archives/2020-08-31/USB TPMS 2020-8-31, 12.25 PM.xcarchive/Products/Applications/USB TPMS.app 
2020-08-31 04:26:26 +0000  copying file ./Contents/_CodeSignature/CodeResources ... 
2020-08-31 04:26:26 +0000  11402 bytes for ./Contents/_CodeSignature/CodeResources
2020-08-31 04:26:26 +0000  copying file ./Contents/MacOS/USB TPMS ... 
2020-08-31 04:26:26 +0000  346128 bytes for ./Contents/MacOS/USB TPMS
2020-08-31 04:26:26 +0000  copying file ./Contents/PlugIns/ORSSerialPort Tests.xctest/Contents/_CodeSignature/CodeResources ... 
2020-08-31 04:26:26 +0000  2924 bytes for ./Contents/PlugIns/ORSSerialPort Tests.xctest/Contents/_CodeSignature/CodeResources
2020-08-31 04:26:26 +0000  copying file ./Contents/PlugIns/ORSSerialPort Tests.xctest/Contents/MacOS/ORSSerialPort Tests ... 
2020-08-31 04:26:26 +0000  104960 bytes for ./Contents/PlugIns/ORSSerialPort Tests.xctest/Contents/MacOS/ORSSerialPort Tests
2020-08-31 04:26:26 +0000  copying file ./Contents/PlugIns/ORSSerialPort Tests.xctest/Contents/Resources/xcbaselines/3AB06FEE-1381-45AC-9379-B331E6DDAABC.plist ... 
2020-08-31 04:26:26 +0000  597 bytes for ./Contents/PlugIns/ORSSerialPort Tests.xctest/Contents/Resources/xcbaselines/3AB06FEE-1381-45AC-9379-B331E6DDAABC.plist
copying file ./Contents/PlugIns/ORSSerialPort Tests.xctest/Contents/Resources/xcbaselines/Info.plist ... 
2020-08-31 04:26:26 +0000  906 bytes for ./Contents/PlugIns/ORSSerialPort Tests.xctest/Contents/Resources/xcbaselines/Info.plist
2020-08-31 04:26:26 +0000  copying file ./Contents/PlugIns/ORSSerialPort Tests.xctest/Contents/Info.plist ... 
2020-08-31 04:26:26 +0000  1324 bytes for ./Contents/PlugIns/ORSSerialPort Tests.xctest/Contents/Info.plist
2020-08-31 04:26:26 +0000  copying file ./Contents/Resources/Register.nib ... 
2020-08-31 04:26:26 +0000  1374 bytes for ./Contents/Resources/Register.nib
2020-08-31 04:26:26 +0000  copying file ./Contents/Resources/simple-loader2.json ... 
2020-08-31 04:26:26 +0000  3646 bytes for ./Contents/Resources/simple-loader2.json
2020-08-31 04:26:26 +0000  copying file ./Contents/Resources/MainPrace.nib ... 
2020-08-31 04:26:26 +0000  1375 bytes for ./Contents/Resources/MainPrace.nib
2020-08-31 04:26:26 +0000  copying file ./Contents/Resources/AppIcon.icns ... 
2020-08-31 04:26:26 +0000  63087 bytes for ./Contents/Resources/AppIcon.icns
2020-08-31 04:26:26 +0000  copying file ./Contents/Resources/Base.lproj/Main.storyboardc/Una-gW-ELe-view-Qzd-PT-x1f.nib ... 
2020-08-31 04:26:26 +0000  76298 bytes for ./Contents/Resources/Base.lproj/Main.storyboardc/Una-gW-ELe-view-Qzd-PT-x1f.nib
2020-08-31 04:26:26 +0000  copying file ./Contents/Resources/Base.lproj/Main.storyboardc/Register.nib ... 
2020-08-31 04:26:26 +0000  1988 bytes for ./Contents/Resources/Base.lproj/Main.storyboardc/Register.nib
2020-08-31 04:26:26 +0000  copying file ./Contents/Resources/Base.lproj/Main.storyboardc/5RT-R8-BMt-view-kX8-oV-Y8Z.nib ... 
2020-08-31 04:26:26 +0000  32303 bytes for ./Contents/Resources/Base.lproj/Main.storyboardc/5RT-R8-BMt-view-kX8-oV-Y8Z.nib
2020-08-31 04:26:26 +0000  copying file ./Contents/Resources/Base.lproj/Main.storyboardc/MainPrace.nib ... 
2020-08-31 04:26:26 +0000  1990 bytes for ./Contents/Resources/Base.lproj/Main.storyboardc/MainPrace.nib
2020-08-31 04:26:26 +0000  copying file ./Contents/Resources/Base.lproj/Main.storyboardc/Grp-5Q-2Aq-view-xHq-1T-bYg.nib ... 
2020-08-31 04:26:26 +0000  41152 bytes for ./Contents/Resources/Base.lproj/Main.storyboardc/Grp-5Q-2Aq-view-xHq-1T-bYg.nib
2020-08-31 04:26:26 +0000  copying file ./Contents/Resources/Base.lproj/Main.storyboardc/MainMenu.nib ... 
2020-08-31 04:26:26 +0000  5187 bytes for ./Contents/Resources/Base.lproj/Main.storyboardc/MainMenu.nib
copying file ./Contents/Resources/Base.lproj/Main.storyboardc/NSWindowController-B8D-0N-5wS.nib ... 
2020-08-31 04:26:26 +0000  3818 bytes for ./Contents/Resources/Base.lproj/Main.storyboardc/NSWindowController-B8D-0N-5wS.nib
2020-08-31 04:26:26 +0000  copying file ./Contents/Resources/Base.lproj/Main.storyboardc/Enroll.nib ... 
2020-08-31 04:26:26 +0000  1984 bytes for ./Contents/Resources/Base.lproj/Main.storyboardc/Enroll.nib
2020-08-31 04:26:26 +0000  copying file ./Contents/Resources/Base.lproj/Main.storyboardc/Info.plist ... 
2020-08-31 04:26:26 +0000  644 bytes for ./Contents/Resources/Base.lproj/Main.storyboardc/Info.plist
2020-08-31 04:26:26 +0000  copying file ./Contents/Resources/Extension.nib ... 
2020-08-31 04:26:26 +0000  1375 bytes for ./Contents/Resources/Extension.nib
2020-08-31 04:26:26 +0000  copying file ./Contents/Resources/Assets.car ... 
2020-08-31 04:26:26 +0000  820536 bytes for ./Contents/Resources/Assets.car
2020-08-31 04:26:26 +0000  copying file ./Contents/Resources/child.plist ... 
2020-08-31 04:26:26 +0000  303 bytes for ./Contents/Resources/child.plist
2020-08-31 04:26:26 +0000  copying file ./Contents/Resources/parent.plist ... 
2020-08-31 04:26:26 +0000  249 bytes for ./Contents/Resources/parent.plist
2020-08-31 04:26:26 +0000  copying file ./Contents/Resources/Enroll.nib ... 
2020-08-31 04:26:26 +0000  1372 bytes for ./Contents/Resources/Enroll.nib
2020-08-31 04:26:26 +0000  copying file ./Contents/Frameworks/libswiftObjectiveC.dylib ... 
2020-08-31 04:26:26 +0000  62256 bytes for ./Contents/Frameworks/libswiftObjectiveC.dylib
2020-08-31 04:26:26 +0000  copying file ./Contents/Frameworks/libswiftCore.dylib ... 
2020-08-31 04:26:26 +0000  6456320 bytes for ./Contents/Frameworks/libswiftCore.dylib
2020-08-31 04:26:26 +0000  copying file ./Contents/Frameworks/libswiftCoreGraphics.dylib ... 
190560 bytes for ./Contents/Frameworks/libswiftCoreGraphics.dylib
copying file ./Contents/Frameworks/libswiftDispatch.dylib ... 
328272 bytes for ./Contents/Frameworks/libswiftDispatch.dylib
copying file ./Contents/Frameworks/libswiftCoreFoundation.dylib ... 
42128 bytes for ./Contents/Frameworks/libswiftCoreFoundation.dylib
copying symlink ./Contents/Frameworks/ORSSerial.framework/Resources ... 
2020-08-31 04:26:26 +0000  linked ./Contents/Frameworks/ORSSerial.framework/Resources
2020-08-31 04:26:26 +0000  copying file ./Contents/Frameworks/ORSSerial.framework/Versions/A/_CodeSignature/CodeResources ... 
2020-08-31 04:26:26 +0000  2514 bytes for ./Contents/Frameworks/ORSSerial.framework/Versions/A/_CodeSignature/CodeResources
2020-08-31 04:26:26 +0000  copying file ./Contents/Frameworks/ORSSerial.framework/Versions/A/Resources/Info.plist ... 
2020-08-31 04:26:26 +0000  1412 bytes for ./Contents/Frameworks/ORSSerial.framework/Versions/A/Resources/Info.plist
2020-08-31 04:26:26 +0000  copying file ./Contents/Frameworks/ORSSerial.framework/Versions/A/ORSSerial ... 
2020-08-31 04:26:26 +0000  145216 bytes for ./Contents/Frameworks/ORSSerial.framework/Versions/A/ORSSerial
2020-08-31 04:26:26 +0000  copying symlink ./Contents/Frameworks/ORSSerial.framework/Versions/Current ... 
2020-08-31 04:26:26 +0000  linked ./Contents/Frameworks/ORSSerial.framework/Versions/Current
2020-08-31 04:26:26 +0000  copying symlink ./Contents/Frameworks/ORSSerial.framework/ORSSerial ... 
2020-08-31 04:26:26 +0000  linked ./Contents/Frameworks/ORSSerial.framework/ORSSerial
2020-08-31 04:26:26 +0000  copying file ./Contents/Frameworks/libswiftDarwin.dylib ... 
2020-08-31 04:26:26 +0000  99088 bytes for ./Contents/Frameworks/libswiftDarwin.dylib
2020-08-31 04:26:26 +0000  copying file ./Contents/Frameworks/libswiftIOKit.dylib ... 
2020-08-31 04:26:26 +0000  45664 bytes for ./Contents/Frameworks/libswiftIOKit.dylib
copying file ./Contents/Frameworks/libswiftFoundation.dylib ... 
2020-08-31 04:26:26 +0000  3163392 bytes for ./Contents/Frameworks/libswiftFoundation.dylib
2020-08-31 04:26:26 +0000  copying symlink ./Contents/Frameworks/Lottie.framework/Resources ... 
linked ./Contents/Frameworks/Lottie.framework/Resources
2020-08-31 04:26:26 +0000  copying file ./Contents/Frameworks/Lottie.framework/Versions/A/_CodeSignature/CodeResources ... 
2020-08-31 04:26:26 +0000  2514 bytes for ./Contents/Frameworks/Lottie.framework/Versions/A/_CodeSignature/CodeResources
2020-08-31 04:26:26 +0000  copying file ./Contents/Frameworks/Lottie.framework/Versions/A/Resources/Info.plist ... 
2020-08-31 04:26:26 +0000  1281 bytes for ./Contents/Frameworks/Lottie.framework/Versions/A/Resources/Info.plist
2020-08-31 04:26:26 +0000  copying file ./Contents/Frameworks/Lottie.framework/Versions/A/Lottie ... 
2020-08-31 04:26:26 +0000  2464128 bytes for ./Contents/Frameworks/Lottie.framework/Versions/A/Lottie
2020-08-31 04:26:26 +0000  copying symlink ./Contents/Frameworks/Lottie.framework/Versions/Current ... 
linked ./Contents/Frameworks/Lottie.framework/Versions/Current
copying symlink ./Contents/Frameworks/Lottie.framework/Lottie ... 
linked ./Contents/Frameworks/Lottie.framework/Lottie
2020-08-31 04:26:26 +0000  copying file ./Contents/Info.plist ... 
2020-08-31 04:26:26 +0000  1867 bytes for ./Contents/Info.plist
2020-08-31 04:26:26 +0000  copying file ./Contents/PkgInfo ... 
2020-08-31 04:26:26 +0000  8 bytes for ./Contents/PkgInfo
2020-08-31 04:26:26 +0000  /usr/bin/ditto exited with 0
2020-08-31 04:26:26 +0000  Processing step: IDEDistributionEmbedProfileStep
2020-08-31 04:26:26 +0000  Skipping profile for item: <IDEDistributionItem: 0x7f86ee2f7df0; bundleID='org.cocoapods.Lottie', path='<DVTFilePath:0x7f86ee2934b0:'/Users/jianzhi.wang/Library/Developer/Xcode/Archives/2020-08-31/USB TPMS 2020-8-31, 12.25 PM.xcarchive/Products/Applications/USB TPMS.app/Contents/Frameworks/Lottie.framework/Versions/A'>', codeSigningInfo='<_DVTCodeSigningInformation_Path: 0x7f87197e6300; isSigned='1', isAdHocSigned='0', signingCertificate='<DVTSigningCertificate: 0x7f86f2f88b00; name='Apple Development: Steve Yu (QCZM92LM36)', hash='A9F09E23872A74ED66F62A43736D3F6DD730D23F', serialNumber='5A949AFF22ED6A97', certificateKinds='(
    "1.2.840.113635.100.6.1.12",
    "1.2.840.113635.100.6.1.2"
), issueDate='2020-08-03 09:07:26 +0000''>', entitlements='(null)', teamID='HEQGGF6N89', identifier='org.cocoapods.Lottie', executablePath='<DVTFilePath:0x7f86eff3a1b0:'/Users/jianzhi.wang/Library/Developer/Xcode/Archives/2020-08-31/USB TPMS 2020-8-31, 12.25 PM.xcarchive/Products/Applications/USB TPMS.app/Contents/Frameworks/Lottie.framework/Versions/A/Lottie'>', hardenedRuntime='0'>'>
2020-08-31 04:26:26 +0000  Skipping profile for item: <IDEDistributionItem: 0x7f86f0d9b860; bundleID='com.openreelsoftware.ORSSerial', path='<DVTFilePath:0x7f86ee2a3450:'/Users/jianzhi.wang/Library/Developer/Xcode/Archives/2020-08-31/USB TPMS 2020-8-31, 12.25 PM.xcarchive/Products/Applications/USB TPMS.app/Contents/Frameworks/ORSSerial.framework/Versions/A'>', codeSigningInfo='<_DVTCodeSigningInformation_Path: 0x7f871a4cb630; isSigned='1', isAdHocSigned='0', signingCertificate='<DVTSigningCertificate: 0x7f86f2f88b00; name='Apple Development: Steve Yu (QCZM92LM36)', hash='A9F09E23872A74ED66F62A43736D3F6DD730D23F', serialNumber='5A949AFF22ED6A97', certificateKinds='(
    "1.2.840.113635.100.6.1.12",
    "1.2.840.113635.100.6.1.2"
), issueDate='2020-08-03 09:07:26 +0000''>', entitlements='(null)', teamID='HEQGGF6N89', identifier='com.openreelsoftware.ORSSerial', executablePath='<DVTFilePath:0x7f86ee2e2d50:'/Users/jianzhi.wang/Library/Developer/Xcode/Archives/2020-08-31/USB TPMS 2020-8-31, 12.25 PM.xcarchive/Products/Applications/USB TPMS.app/Contents/Frameworks/ORSSerial.framework/Versions/A/ORSSerial'>', hardenedRuntime='0'>'>
2020-08-31 04:26:26 +0000  Skipping profile for item: <IDEDistributionItem: 0x7f871a42bc70; bundleID='com.apple.dt.runtime.swiftCore', path='<DVTFilePath:0x7f8711486a80:'/Users/jianzhi.wang/Library/Developer/Xcode/Archives/2020-08-31/USB TPMS 2020-8-31, 12.25 PM.xcarchive/Products/Applications/USB TPMS.app/Contents/Frameworks/libswiftCore.dylib'>', codeSigningInfo='<_DVTCodeSigningInformation_Path: 0x7f86f1357ff0; isSigned='1', isAdHocSigned='0', signingCertificate='<DVTSigningCertificate: 0x7f86f60f0280; name='Apple Development: Steve Yu (QCZM92LM36)', hash='A9F09E23872A74ED66F62A43736D3F6DD730D23F', serialNumber='5A949AFF22ED6A97', certificateKinds='(
    "1.2.840.113635.100.6.1.12",
    "1.2.840.113635.100.6.1.2"
), issueDate='2020-08-03 09:07:26 +0000''>', entitlements='(null)', teamID='HEQGGF6N89', identifier='com.apple.dt.runtime.swiftCore', executablePath='<DVTFilePath:0x7f8711486a80:'/Users/jianzhi.wang/Library/Developer/Xcode/Archives/2020-08-31/USB TPMS 2020-8-31, 12.25 PM.xcarchive/Products/Applications/USB TPMS.app/Contents/Frameworks/libswiftCore.dylib'>', hardenedRuntime='0'>'>
2020-08-31 04:26:26 +0000  Skipping profile for item: <IDEDistributionItem: 0x7f871a142f80; bundleID='com.apple.dt.runtime.swiftCoreFoundation', path='<DVTFilePath:0x7f86f15b3a50:'/Users/jianzhi.wang/Library/Developer/Xcode/Archives/2020-08-31/USB TPMS 2020-8-31, 12.25 PM.xcarchive/Products/Applications/USB TPMS.app/Contents/Frameworks/libswiftCoreFoundation.dylib'>', codeSigningInfo='<_DVTCodeSigningInformation_Path: 0x7f86f08f3870; isSigned='1', isAdHocSigned='0', signingCertificate='<DVTSigningCertificate: 0x7f86f2f88b00; name='Apple Development: Steve Yu (QCZM92LM36)', hash='A9F09E23872A74ED66F62A43736D3F6DD730D23F', serialNumber='5A949AFF22ED6A97', certificateKinds='(
    "1.2.840.113635.100.6.1.12",
    "1.2.840.113635.100.6.1.2"
), issueDate='2020-08-03 09:07:26 +0000''>', entitlements='(null)', teamID='HEQGGF6N89', identifier='com.apple.dt.runtime.swiftCoreFoundation', executablePath='<DVTFilePath:0x7f86f15b3a50:'/Users/jianzhi.wang/Library/Developer/Xcode/Archives/2020-08-31/USB TPMS 2020-8-31, 12.25 PM.xcarchive/Products/Applications/USB TPMS.app/Contents/Frameworks/libswiftCoreFoundation.dylib'>', hardenedRuntime='0'>'>
2020-08-31 04:26:26 +0000  Skipping profile for item: <IDEDistributionItem: 0x7f86ee26ea70; bundleID='com.apple.dt.runtime.swiftCoreGraphics', path='<DVTFilePath:0x7f8716f54890:'/Users/jianzhi.wang/Library/Developer/Xcode/Archives/2020-08-31/USB TPMS 2020-8-31, 12.25 PM.xcarchive/Products/Applications/USB TPMS.app/Contents/Frameworks/libswiftCoreGraphics.dylib'>', codeSigningInfo='<_DVTCodeSigningInformation_Path: 0x7f86ee242220; isSigned='1', isAdHocSigned='0', signingCertificate='<DVTSigningCertificate: 0x7f86f2f88b00; name='Apple Development: Steve Yu (QCZM92LM36)', hash='A9F09E23872A74ED66F62A43736D3F6DD730D23F', serialNumber='5A949AFF22ED6A97', certificateKinds='(
    "1.2.840.113635.100.6.1.12",
    "1.2.840.113635.100.6.1.2"
), issueDate='2020-08-03 09:07:26 +0000''>', entitlements='(null)', teamID='HEQGGF6N89', identifier='com.apple.dt.runtime.swiftCoreGraphics', executablePath='<DVTFilePath:0x7f8716f54890:'/Users/jianzhi.wang/Library/Developer/Xcode/Archives/2020-08-31/USB TPMS 2020-8-31, 12.25 PM.xcarchive/Products/Applications/USB TPMS.app/Contents/Frameworks/libswiftCoreGraphics.dylib'>', hardenedRuntime='0'>'>
2020-08-31 04:26:26 +0000  Skipping profile for item: <IDEDistributionItem: 0x7f86ee22cb70; bundleID='com.apple.dt.runtime.swiftDarwin', path='<DVTFilePath:0x7f86f15e9760:'/Users/jianzhi.wang/Library/Developer/Xcode/Archives/2020-08-31/USB TPMS 2020-8-31, 12.25 PM.xcarchive/Products/Applications/USB TPMS.app/Contents/Frameworks/libswiftDarwin.dylib'>', codeSigningInfo='<_DVTCodeSigningInformation_Path: 0x7f86efd92bb0; isSigned='1', isAdHocSigned='0', signingCertificate='<DVTSigningCertificate: 0x7f86f2f88b00; name='Apple Development: Steve Yu (QCZM92LM36)', hash='A9F09E23872A74ED66F62A43736D3F6DD730D23F', serialNumber='5A949AFF22ED6A97', certificateKinds='(
    "1.2.840.113635.100.6.1.12",
    "1.2.840.113635.100.6.1.2"
), issueDate='2020-08-03 09:07:26 +0000''>', entitlements='(null)', teamID='HEQGGF6N89', identifier='com.apple.dt.runtime.swiftDarwin', executablePath='<DVTFilePath:0x7f86f15e9760:'/Users/jianzhi.wang/Library/Developer/Xcode/Archives/2020-08-31/USB TPMS 2020-8-31, 12.25 PM.xcarchive/Products/Applications/USB TPMS.app/Contents/Frameworks/libswiftDarwin.dylib'>', hardenedRuntime='0'>'>
2020-08-31 04:26:26 +0000  Skipping profile for item: <IDEDistributionItem: 0x7f86f2f80af0; bundleID='com.apple.dt.runtime.swiftDispatch', path='<DVTFilePath:0x7f86f28924e0:'/Users/jianzhi.wang/Library/Developer/Xcode/Archives/2020-08-31/USB TPMS 2020-8-31, 12.25 PM.xcarchive/Products/Applications/USB TPMS.app/Contents/Frameworks/libswiftDispatch.dylib'>', codeSigningInfo='<_DVTCodeSigningInformation_Path: 0x7f86ee27d3e0; isSigned='1', isAdHocSigned='0', signingCertificate='<DVTSigningCertificate: 0x7f86f60f0280; name='Apple Development: Steve Yu (QCZM92LM36)', hash='A9F09E23872A74ED66F62A43736D3F6DD730D23F', serialNumber='5A949AFF22ED6A97', certificateKinds='(
    "1.2.840.113635.100.6.1.12",
    "1.2.840.113635.100.6.1.2"
), issueDate='2020-08-03 09:07:26 +0000''>', entitlements='(null)', teamID='HEQGGF6N89', identifier='com.apple.dt.runtime.swiftDispatch', executablePath='<DVTFilePath:0x7f86f28924e0:'/Users/jianzhi.wang/Library/Developer/Xcode/Archives/2020-08-31/USB TPMS 2020-8-31, 12.25 PM.xcarchive/Products/Applications/USB TPMS.app/Contents/Frameworks/libswiftDispatch.dylib'>', hardenedRuntime='0'>'>
2020-08-31 04:26:26 +0000  Skipping profile for item: <IDEDistributionItem: 0x7f86f0bb8310; bundleID='com.apple.dt.runtime.swiftFoundation', path='<DVTFilePath:0x7f87028d6200:'/Users/jianzhi.wang/Library/Developer/Xcode/Archives/2020-08-31/USB TPMS 2020-8-31, 12.25 PM.xcarchive/Products/Applications/USB TPMS.app/Contents/Frameworks/libswiftFoundation.dylib'>', codeSigningInfo='<_DVTCodeSigningInformation_Path: 0x7f86ee29d4f0; isSigned='1', isAdHocSigned='0', signingCertificate='<DVTSigningCertificate: 0x7f86f60f0280; name='Apple Development: Steve Yu (QCZM92LM36)', hash='A9F09E23872A74ED66F62A43736D3F6DD730D23F', serialNumber='5A949AFF22ED6A97', certificateKinds='(
    "1.2.840.113635.100.6.1.12",
    "1.2.840.113635.100.6.1.2"
), issueDate='2020-08-03 09:07:26 +0000''>', entitlements='(null)', teamID='HEQGGF6N89', identifier='com.apple.dt.runtime.swiftFoundation', executablePath='<DVTFilePath:0x7f87028d6200:'/Users/jianzhi.wang/Library/Developer/Xcode/Archives/2020-08-31/USB TPMS 2020-8-31, 12.25 PM.xcarchive/Products/Applications/USB TPMS.app/Contents/Frameworks/libswiftFoundation.dylib'>', hardenedRuntime='0'>'>
2020-08-31 04:26:26 +0000  Skipping profile for item: <IDEDistributionItem: 0x7f86ee25b120; bundleID='com.apple.dt.runtime.swiftIOKit', path='<DVTFilePath:0x7f87116c8670:'/Users/jianzhi.wang/Library/Developer/Xcode/Archives/2020-08-31/USB TPMS 2020-8-31, 12.25 PM.xcarchive/Products/Applications/USB TPMS.app/Contents/Frameworks/libswiftIOKit.dylib'>', codeSigningInfo='<_DVTCodeSigningInformation_Path: 0x7f87197e5f60; isSigned='1', isAdHocSigned='0', signingCertificate='<DVTSigningCertificate: 0x7f86f60f0280; name='Apple Development: Steve Yu (QCZM92LM36)', hash='A9F09E23872A74ED66F62A43736D3F6DD730D23F', serialNumber='5A949AFF22ED6A97', certificateKinds='(
    "1.2.840.113635.100.6.1.12",
    "1.2.840.113635.100.6.1.2"
), issueDate='2020-08-03 09:07:26 +0000''>', entitlements='(null)', teamID='HEQGGF6N89', identifier='com.apple.dt.runtime.swiftIOKit', executablePath='<DVTFilePath:0x7f87116c8670:'/Users/jianzhi.wang/Library/Developer/Xcode/Archives/2020-08-31/USB TPMS 2020-8-31, 12.25 PM.xcarchive/Products/Applications/USB TPMS.app/Contents/Frameworks/libswiftIOKit.dylib'>', hardenedRuntime='0'>'>
2020-08-31 04:26:26 +0000  Skipping profile for item: <IDEDistributionItem: 0x7f86ee294b20; bundleID='com.apple.dt.runtime.swiftObjectiveC', path='<DVTFilePath:0x7f870631c370:'/Users/jianzhi.wang/Library/Developer/Xcode/Archives/2020-08-31/USB TPMS 2020-8-31, 12.25 PM.xcarchive/Products/Applications/USB TPMS.app/Contents/Frameworks/libswiftObjectiveC.dylib'>', codeSigningInfo='<_DVTCodeSigningInformation_Path: 0x7f86ee29e020; isSigned='1', isAdHocSigned='0', signingCertificate='<DVTSigningCertificate: 0x7f86f60f0280; name='Apple Development: Steve Yu (QCZM92LM36)', hash='A9F09E23872A74ED66F62A43736D3F6DD730D23F', serialNumber='5A949AFF22ED6A97', certificateKinds='(
    "1.2.840.113635.100.6.1.12",
    "1.2.840.113635.100.6.1.2"
), issueDate='2020-08-03 09:07:26 +0000''>', entitlements='(null)', teamID='HEQGGF6N89', identifier='com.apple.dt.runtime.swiftObjectiveC', executablePath='<DVTFilePath:0x7f870631c370:'/Users/jianzhi.wang/Library/Developer/Xcode/Archives/2020-08-31/USB TPMS 2020-8-31, 12.25 PM.xcarchive/Products/Applications/USB TPMS.app/Contents/Frameworks/libswiftObjectiveC.dylib'>', hardenedRuntime='0'>'>
2020-08-31 04:26:26 +0000  Skipping profile for item: <IDEDistributionItem: 0x7f8703fe6820; bundleID='com.openreelsoftware.ORSSerialPort-Tests', path='<DVTFilePath:0x7f8719bfa950:'/Users/jianzhi.wang/Library/Developer/Xcode/Archives/2020-08-31/USB TPMS 2020-8-31, 12.25 PM.xcarchive/Products/Applications/USB TPMS.app/Contents/PlugIns/ORSSerialPort Tests.xctest'>', codeSigningInfo='<_DVTCodeSigningInformation_Path: 0x7f871a4b50a0; isSigned='1', isAdHocSigned='0', signingCertificate='<DVTSigningCertificate: 0x7f86f60f0280; name='Apple Development: Steve Yu (QCZM92LM36)', hash='A9F09E23872A74ED66F62A43736D3F6DD730D23F', serialNumber='5A949AFF22ED6A97', certificateKinds='(
    "1.2.840.113635.100.6.1.12",
    "1.2.840.113635.100.6.1.2"
), issueDate='2020-08-03 09:07:26 +0000''>', entitlements='(null)', teamID='HEQGGF6N89', identifier='com.openreelsoftware.ORSSerialPort-Tests', executablePath='<DVTFilePath:0x7f8719b7bd60:'/Users/jianzhi.wang/Library/Developer/Xcode/Archives/2020-08-31/USB TPMS 2020-8-31, 12.25 PM.xcarchive/Products/Applications/USB TPMS.app/Contents/PlugIns/ORSSerialPort Tests.xctest/Contents/MacOS/ORSSerialPort Tests'>', hardenedRuntime='0'>'>
2020-08-31 04:26:26 +0000  Skipping profile for item: <IDEDistributionItem: 0x7f86ee2435b0; bundleID='orange.macos.usbtpms', path='<DVTFilePath:0x7f86f211cc60:'/Users/jianzhi.wang/Library/Developer/Xcode/Archives/2020-08-31/USB TPMS 2020-8-31, 12.25 PM.xcarchive/Products/Applications/USB TPMS.app'>', codeSigningInfo='<_DVTCodeSigningInformation_Path: 0x7f86ee272580; isSigned='1', isAdHocSigned='0', signingCertificate='<DVTSigningCertificate: 0x7f86f60f0280; name='Apple Development: Steve Yu (QCZM92LM36)', hash='A9F09E23872A74ED66F62A43736D3F6DD730D23F', serialNumber='5A949AFF22ED6A97', certificateKinds='(
    "1.2.840.113635.100.6.1.12",
    "1.2.840.113635.100.6.1.2"
), issueDate='2020-08-03 09:07:26 +0000''>', entitlements='{
}', teamID='HEQGGF6N89', identifier='orange.macos.usbtpms', executablePath='<DVTFilePath:0x7f86ed24bc70:'/Users/jianzhi.wang/Library/Developer/Xcode/Archives/2020-08-31/USB TPMS 2020-8-31, 12.25 PM.xcarchive/Products/Applications/USB TPMS.app/Contents/MacOS/USB TPMS'>', hardenedRuntime='0'>'>
2020-08-31 04:26:26 +0000  Processing step: IDEDistributionInfoPlistStep
2020-08-31 04:26:26 +0000  Skipping step: IDEDistributionInfoPlistStep because it said so
2020-08-31 04:26:26 +0000  Skipping step: IDEDistributionInfoPlistStep because it said so
2020-08-31 04:26:26 +0000  Skipping step: IDEDistributionInfoPlistStep because it said so
2020-08-31 04:26:26 +0000  Skipping step: IDEDistributionInfoPlistStep because it said so
2020-08-31 04:26:26 +0000  Skipping step: IDEDistributionInfoPlistStep because it said so
2020-08-31 04:26:26 +0000  Skipping step: IDEDistributionInfoPlistStep because it said so
2020-08-31 04:26:26 +0000  Skipping step: IDEDistributionInfoPlistStep because it said so
2020-08-31 04:26:26 +0000  Skipping step: IDEDistributionInfoPlistStep because it said so
2020-08-31 04:26:26 +0000  Skipping step: IDEDistributionInfoPlistStep because it said so
2020-08-31 04:26:26 +0000  Skipping step: IDEDistributionInfoPlistStep because it said so
2020-08-31 04:26:26 +0000  Skipping step: IDEDistributionInfoPlistStep because it said so
2020-08-31 04:26:26 +0000  Skipping step: IDEDistributionInfoPlistStep because it said so
2020-08-31 04:26:26 +0000  Processing step: IDEDistributionAppThinningPlistStep
2020-08-31 04:26:26 +0000  Processing step: IDEDistributionCompileBitcodeStep
2020-08-31 04:26:26 +0000  Skipping step: IDEDistributionCompileBitcodeStep because it said so
2020-08-31 04:26:26 +0000  Processing step: IDEDistributionCodeSlimmingStep
2020-08-31 04:26:26 +0000  Processing step: IDEDistributionCopyBCSymbolMapsStep
2020-08-31 04:26:26 +0000  Skipping step: IDEDistributionCopyBCSymbolMapsStep because it said so
2020-08-31 04:26:26 +0000  Skipping step: IDEDistributionCopyBCSymbolMapsStep because it said so
2020-08-31 04:26:26 +0000  Skipping step: IDEDistributionCopyBCSymbolMapsStep because it said so
2020-08-31 04:26:26 +0000  Skipping step: IDEDistributionCopyBCSymbolMapsStep because it said so
2020-08-31 04:26:26 +0000  Skipping step: IDEDistributionCopyBCSymbolMapsStep because it said so
2020-08-31 04:26:26 +0000  Skipping step: IDEDistributionCopyBCSymbolMapsStep because it said so
2020-08-31 04:26:26 +0000  Skipping step: IDEDistributionCopyBCSymbolMapsStep because it said so
2020-08-31 04:26:26 +0000  Skipping step: IDEDistributionCopyBCSymbolMapsStep because it said so
2020-08-31 04:26:26 +0000  Skipping step: IDEDistributionCopyBCSymbolMapsStep because it said so
2020-08-31 04:26:26 +0000  Skipping step: IDEDistributionCopyBCSymbolMapsStep because it said so
2020-08-31 04:26:26 +0000  Skipping step: IDEDistributionCopyBCSymbolMapsStep because it said so
2020-08-31 04:26:26 +0000  Skipping step: IDEDistributionCopyBCSymbolMapsStep because it said so
2020-08-31 04:26:26 +0000  Processing step: IDEDistributionSymbolsStep
2020-08-31 04:26:26 +0000  Skipping step: IDEDistributionSymbolsStep because it said so
2020-08-31 04:26:26 +0000  Skipping step: IDEDistributionSymbolsStep because it said so
2020-08-31 04:26:26 +0000  Skipping step: IDEDistributionSymbolsStep because it said so
2020-08-31 04:26:26 +0000  Skipping step: IDEDistributionSymbolsStep because it said so
2020-08-31 04:26:26 +0000  Skipping step: IDEDistributionSymbolsStep because it said so
2020-08-31 04:26:26 +0000  Skipping step: IDEDistributionSymbolsStep because it said so
2020-08-31 04:26:26 +0000  Skipping step: IDEDistributionSymbolsStep because it said so
2020-08-31 04:26:26 +0000  Skipping step: IDEDistributionSymbolsStep because it said so
2020-08-31 04:26:26 +0000  Skipping step: IDEDistributionSymbolsStep because it said so
2020-08-31 04:26:26 +0000  Skipping step: IDEDistributionSymbolsStep because it said so
2020-08-31 04:26:26 +0000  Skipping step: IDEDistributionSymbolsStep because it said so
2020-08-31 04:26:26 +0000  Skipping step: IDEDistributionSymbolsStep because it said so
2020-08-31 04:26:26 +0000  Processing step: IDEDistributionAppThinningStep
2020-08-31 04:26:26 +0000  Skipping step: IDEDistributionAppThinningStep because it said so
2020-08-31 04:26:26 +0000  Processing step: IDEDistributionArchThinningStep
2020-08-31 04:26:26 +0000  Running /Applications/Xcode.app/Contents/Developer/Toolchains/XcodeDefault.xctoolchain/usr/bin/lipo '/var/folders/2_/0wmkjr3518x35122wb_2y2g80000gn/T/XcodeDistPipeline.~~~T4dgOO/Root/Applications/USB TPMS.app/Contents/Frameworks/Lottie.framework/Versions/A/Lottie' '-verify_arch' 'arm64e'
2020-08-31 04:26:26 +0000  /Applications/Xcode.app/Contents/Developer/Toolchains/XcodeDefault.xctoolchain/usr/bin/lipo exited with 1
2020-08-31 04:26:26 +0000  Skipping architecture thinning for item "Lottie" because arch "arm64e" wasn't found
2020-08-31 04:26:26 +0000  Running /Applications/Xcode.app/Contents/Developer/Toolchains/XcodeDefault.xctoolchain/usr/bin/lipo '/var/folders/2_/0wmkjr3518x35122wb_2y2g80000gn/T/XcodeDistPipeline.~~~T4dgOO/Root/Applications/USB TPMS.app/Contents/Frameworks/ORSSerial.framework/Versions/A/ORSSerial' '-verify_arch' 'arm64e'
2020-08-31 04:26:26 +0000  /Applications/Xcode.app/Contents/Developer/Toolchains/XcodeDefault.xctoolchain/usr/bin/lipo exited with 1
2020-08-31 04:26:26 +0000  Skipping architecture thinning for item "ORSSerial" because arch "arm64e" wasn't found
2020-08-31 04:26:26 +0000  Running /Applications/Xcode.app/Contents/Developer/Toolchains/XcodeDefault.xctoolchain/usr/bin/lipo '/var/folders/2_/0wmkjr3518x35122wb_2y2g80000gn/T/XcodeDistPipeline.~~~T4dgOO/Root/Applications/USB TPMS.app/Contents/Frameworks/libswiftCore.dylib' '-verify_arch' 'arm64e'
2020-08-31 04:26:26 +0000  /Applications/Xcode.app/Contents/Developer/Toolchains/XcodeDefault.xctoolchain/usr/bin/lipo exited with 1
2020-08-31 04:26:26 +0000  Skipping architecture thinning for item "libswiftCore.dylib" because arch "arm64e" wasn't found
2020-08-31 04:26:26 +0000  Running /Applications/Xcode.app/Contents/Developer/Toolchains/XcodeDefault.xctoolchain/usr/bin/lipo '/var/folders/2_/0wmkjr3518x35122wb_2y2g80000gn/T/XcodeDistPipeline.~~~T4dgOO/Root/Applications/USB TPMS.app/Contents/Frameworks/libswiftCoreFoundation.dylib' '-verify_arch' 'arm64e'
2020-08-31 04:26:26 +0000  /Applications/Xcode.app/Contents/Developer/Toolchains/XcodeDefault.xctoolchain/usr/bin/lipo exited with 1
2020-08-31 04:26:26 +0000  Skipping architecture thinning for item "libswiftCoreFoundation.dylib" because arch "arm64e" wasn't found
2020-08-31 04:26:26 +0000  Running /Applications/Xcode.app/Contents/Developer/Toolchains/XcodeDefault.xctoolchain/usr/bin/lipo '/var/folders/2_/0wmkjr3518x35122wb_2y2g80000gn/T/XcodeDistPipeline.~~~T4dgOO/Root/Applications/USB TPMS.app/Contents/Frameworks/libswiftCoreGraphics.dylib' '-verify_arch' 'arm64e'
2020-08-31 04:26:26 +0000  /Applications/Xcode.app/Contents/Developer/Toolchains/XcodeDefault.xctoolchain/usr/bin/lipo exited with 1
2020-08-31 04:26:26 +0000  Skipping architecture thinning for item "libswiftCoreGraphics.dylib" because arch "arm64e" wasn't found
2020-08-31 04:26:26 +0000  Running /Applications/Xcode.app/Contents/Developer/Toolchains/XcodeDefault.xctoolchain/usr/bin/lipo '/var/folders/2_/0wmkjr3518x35122wb_2y2g80000gn/T/XcodeDistPipeline.~~~T4dgOO/Root/Applications/USB TPMS.app/Contents/Frameworks/libswiftDarwin.dylib' '-verify_arch' 'arm64e'
2020-08-31 04:26:26 +0000  /Applications/Xcode.app/Contents/Developer/Toolchains/XcodeDefault.xctoolchain/usr/bin/lipo exited with 1
2020-08-31 04:26:26 +0000  Skipping architecture thinning for item "libswiftDarwin.dylib" because arch "arm64e" wasn't found
2020-08-31 04:26:26 +0000  Running /Applications/Xcode.app/Contents/Developer/Toolchains/XcodeDefault.xctoolchain/usr/bin/lipo '/var/folders/2_/0wmkjr3518x35122wb_2y2g80000gn/T/XcodeDistPipeline.~~~T4dgOO/Root/Applications/USB TPMS.app/Contents/Frameworks/libswiftDispatch.dylib' '-verify_arch' 'arm64e'
2020-08-31 04:26:26 +0000  /Applications/Xcode.app/Contents/Developer/Toolchains/XcodeDefault.xctoolchain/usr/bin/lipo exited with 1
2020-08-31 04:26:26 +0000  Skipping architecture thinning for item "libswiftDispatch.dylib" because arch "arm64e" wasn't found
2020-08-31 04:26:26 +0000  Running /Applications/Xcode.app/Contents/Developer/Toolchains/XcodeDefault.xctoolchain/usr/bin/lipo '/var/folders/2_/0wmkjr3518x35122wb_2y2g80000gn/T/XcodeDistPipeline.~~~T4dgOO/Root/Applications/USB TPMS.app/Contents/Frameworks/libswiftFoundation.dylib' '-verify_arch' 'arm64e'
2020-08-31 04:26:26 +0000  /Applications/Xcode.app/Contents/Developer/Toolchains/XcodeDefault.xctoolchain/usr/bin/lipo exited with 1
2020-08-31 04:26:26 +0000  Skipping architecture thinning for item "libswiftFoundation.dylib" because arch "arm64e" wasn't found
2020-08-31 04:26:26 +0000  Running /Applications/Xcode.app/Contents/Developer/Toolchains/XcodeDefault.xctoolchain/usr/bin/lipo '/var/folders/2_/0wmkjr3518x35122wb_2y2g80000gn/T/XcodeDistPipeline.~~~T4dgOO/Root/Applications/USB TPMS.app/Contents/Frameworks/libswiftIOKit.dylib' '-verify_arch' 'arm64e'
2020-08-31 04:26:26 +0000  /Applications/Xcode.app/Contents/Developer/Toolchains/XcodeDefault.xctoolchain/usr/bin/lipo exited with 1
2020-08-31 04:26:26 +0000  Skipping architecture thinning for item "libswiftIOKit.dylib" because arch "arm64e" wasn't found
2020-08-31 04:26:26 +0000  Running /Applications/Xcode.app/Contents/Developer/Toolchains/XcodeDefault.xctoolchain/usr/bin/lipo '/var/folders/2_/0wmkjr3518x35122wb_2y2g80000gn/T/XcodeDistPipeline.~~~T4dgOO/Root/Applications/USB TPMS.app/Contents/Frameworks/libswiftObjectiveC.dylib' '-verify_arch' 'arm64e'
2020-08-31 04:26:26 +0000  /Applications/Xcode.app/Contents/Developer/Toolchains/XcodeDefault.xctoolchain/usr/bin/lipo exited with 1
2020-08-31 04:26:26 +0000  Skipping architecture thinning for item "libswiftObjectiveC.dylib" because arch "arm64e" wasn't found
2020-08-31 04:26:26 +0000  Running /Applications/Xcode.app/Contents/Developer/Toolchains/XcodeDefault.xctoolchain/usr/bin/lipo '/var/folders/2_/0wmkjr3518x35122wb_2y2g80000gn/T/XcodeDistPipeline.~~~T4dgOO/Root/Applications/USB TPMS.app/Contents/PlugIns/ORSSerialPort Tests.xctest/Contents/MacOS/ORSSerialPort Tests' '-verify_arch' 'arm64e'
2020-08-31 04:26:26 +0000  /Applications/Xcode.app/Contents/Developer/Toolchains/XcodeDefault.xctoolchain/usr/bin/lipo exited with 1
2020-08-31 04:26:26 +0000  Skipping architecture thinning for item "ORSSerialPort Tests" because arch "arm64e" wasn't found
2020-08-31 04:26:26 +0000  Running /Applications/Xcode.app/Contents/Developer/Toolchains/XcodeDefault.xctoolchain/usr/bin/lipo '/var/folders/2_/0wmkjr3518x35122wb_2y2g80000gn/T/XcodeDistPipeline.~~~T4dgOO/Root/Applications/USB TPMS.app/Contents/MacOS/USB TPMS' '-verify_arch' 'arm64e'
2020-08-31 04:26:26 +0000  /Applications/Xcode.app/Contents/Developer/Toolchains/XcodeDefault.xctoolchain/usr/bin/lipo exited with 1
2020-08-31 04:26:26 +0000  Skipping architecture thinning for item "USB TPMS" because arch "arm64e" wasn't found
2020-08-31 04:26:26 +0000  Processing step: IDEDistributionODRStep
2020-08-31 04:26:26 +0000  Processing step: IDEDistributionStripXattrsStep
2020-08-31 04:26:26 +0000  Skipping stripping extended attributes of item: <IDEDistributionItem: 0x7f86ee2f7df0; bundleID='org.cocoapods.Lottie', path='<DVTFilePath:0x7f86ee2934b0:'/Users/jianzhi.wang/Library/Developer/Xcode/Archives/2020-08-31/USB TPMS 2020-8-31, 12.25 PM.xcarchive/Products/Applications/USB TPMS.app/Contents/Frameworks/Lottie.framework/Versions/A'>', codeSigningInfo='<_DVTCodeSigningInformation_Path: 0x7f87197e6300; isSigned='1', isAdHocSigned='0', signingCertificate='<DVTSigningCertificate: 0x7f86f60ac6f0; name='Apple Development: Steve Yu (QCZM92LM36)', hash='A9F09E23872A74ED66F62A43736D3F6DD730D23F', serialNumber='5A949AFF22ED6A97', certificateKinds='(
    "1.2.840.113635.100.6.1.12",
    "1.2.840.113635.100.6.1.2"
), issueDate='2020-08-03 09:07:26 +0000''>', entitlements='(null)', teamID='HEQGGF6N89', identifier='org.cocoapods.Lottie', executablePath='<DVTFilePath:0x7f86eff3a1b0:'/Users/jianzhi.wang/Library/Developer/Xcode/Archives/2020-08-31/USB TPMS 2020-8-31, 12.25 PM.xcarchive/Products/Applications/USB TPMS.app/Contents/Frameworks/Lottie.framework/Versions/A/Lottie'>', hardenedRuntime='0'>'>
2020-08-31 04:26:26 +0000  Skipping stripping extended attributes of item: <IDEDistributionItem: 0x7f86f0d9b860; bundleID='com.openreelsoftware.ORSSerial', path='<DVTFilePath:0x7f86ee2a3450:'/Users/jianzhi.wang/Library/Developer/Xcode/Archives/2020-08-31/USB TPMS 2020-8-31, 12.25 PM.xcarchive/Products/Applications/USB TPMS.app/Contents/Frameworks/ORSSerial.framework/Versions/A'>', codeSigningInfo='<_DVTCodeSigningInformation_Path: 0x7f871a4cb630; isSigned='1', isAdHocSigned='0', signingCertificate='<DVTSigningCertificate: 0x7f86f0398260; name='Apple Development: Steve Yu (QCZM92LM36)', hash='A9F09E23872A74ED66F62A43736D3F6DD730D23F', serialNumber='5A949AFF22ED6A97', certificateKinds='(
    "1.2.840.113635.100.6.1.12",
    "1.2.840.113635.100.6.1.2"
), issueDate='2020-08-03 09:07:26 +0000''>', entitlements='(null)', teamID='HEQGGF6N89', identifier='com.openreelsoftware.ORSSerial', executablePath='<DVTFilePath:0x7f86ee2e2d50:'/Users/jianzhi.wang/Library/Developer/Xcode/Archives/2020-08-31/USB TPMS 2020-8-31, 12.25 PM.xcarchive/Products/Applications/USB TPMS.app/Contents/Frameworks/ORSSerial.framework/Versions/A/ORSSerial'>', hardenedRuntime='0'>'>
2020-08-31 04:26:26 +0000  Skipping stripping extended attributes of item: <IDEDistributionItem: 0x7f871a42bc70; bundleID='com.apple.dt.runtime.swiftCore', path='<DVTFilePath:0x7f8711486a80:'/Users/jianzhi.wang/Library/Developer/Xcode/Archives/2020-08-31/USB TPMS 2020-8-31, 12.25 PM.xcarchive/Products/Applications/USB TPMS.app/Contents/Frameworks/libswiftCore.dylib'>', codeSigningInfo='<_DVTCodeSigningInformation_Path: 0x7f86f1357ff0; isSigned='1', isAdHocSigned='0', signingCertificate='<DVTSigningCertificate: 0x7f86f0a36f30; name='Apple Development: Steve Yu (QCZM92LM36)', hash='A9F09E23872A74ED66F62A43736D3F6DD730D23F', serialNumber='5A949AFF22ED6A97', certificateKinds='(
    "1.2.840.113635.100.6.1.12",
    "1.2.840.113635.100.6.1.2"
), issueDate='2020-08-03 09:07:26 +0000''>', entitlements='(null)', teamID='HEQGGF6N89', identifier='com.apple.dt.runtime.swiftCore', executablePath='<DVTFilePath:0x7f8711486a80:'/Users/jianzhi.wang/Library/Developer/Xcode/Archives/2020-08-31/USB TPMS 2020-8-31, 12.25 PM.xcarchive/Products/Applications/USB TPMS.app/Contents/Frameworks/libswiftCore.dylib'>', hardenedRuntime='0'>'>
2020-08-31 04:26:26 +0000  Skipping stripping extended attributes of item: <IDEDistributionItem: 0x7f871a142f80; bundleID='com.apple.dt.runtime.swiftCoreFoundation', path='<DVTFilePath:0x7f86f15b3a50:'/Users/jianzhi.wang/Library/Developer/Xcode/Archives/2020-08-31/USB TPMS 2020-8-31, 12.25 PM.xcarchive/Products/Applications/USB TPMS.app/Contents/Frameworks/libswiftCoreFoundation.dylib'>', codeSigningInfo='<_DVTCodeSigningInformation_Path: 0x7f86f08f3870; isSigned='1', isAdHocSigned='0', signingCertificate='<DVTSigningCertificate: 0x7f86f0a36f30; name='Apple Development: Steve Yu (QCZM92LM36)', hash='A9F09E23872A74ED66F62A43736D3F6DD730D23F', serialNumber='5A949AFF22ED6A97', certificateKinds='(
    "1.2.840.113635.100.6.1.12",
    "1.2.840.113635.100.6.1.2"
), issueDate='2020-08-03 09:07:26 +0000''>', entitlements='(null)', teamID='HEQGGF6N89', identifier='com.apple.dt.runtime.swiftCoreFoundation', executablePath='<DVTFilePath:0x7f86f15b3a50:'/Users/jianzhi.wang/Library/Developer/Xcode/Archives/2020-08-31/USB TPMS 2020-8-31, 12.25 PM.xcarchive/Products/Applications/USB TPMS.app/Contents/Frameworks/libswiftCoreFoundation.dylib'>', hardenedRuntime='0'>'>
2020-08-31 04:26:26 +0000  Skipping stripping extended attributes of item: <IDEDistributionItem: 0x7f86ee26ea70; bundleID='com.apple.dt.runtime.swiftCoreGraphics', path='<DVTFilePath:0x7f8716f54890:'/Users/jianzhi.wang/Library/Developer/Xcode/Archives/2020-08-31/USB TPMS 2020-8-31, 12.25 PM.xcarchive/Products/Applications/USB TPMS.app/Contents/Frameworks/libswiftCoreGraphics.dylib'>', codeSigningInfo='<_DVTCodeSigningInformation_Path: 0x7f86ee242220; isSigned='1', isAdHocSigned='0', signingCertificate='<DVTSigningCertificate: 0x7f870c49ac90; name='Apple Development: Steve Yu (QCZM92LM36)', hash='A9F09E23872A74ED66F62A43736D3F6DD730D23F', serialNumber='5A949AFF22ED6A97', certificateKinds='(
    "1.2.840.113635.100.6.1.12",
    "1.2.840.113635.100.6.1.2"
), issueDate='2020-08-03 09:07:26 +0000''>', entitlements='(null)', teamID='HEQGGF6N89', identifier='com.apple.dt.runtime.swiftCoreGraphics', executablePath='<DVTFilePath:0x7f8716f54890:'/Users/jianzhi.wang/Library/Developer/Xcode/Archives/2020-08-31/USB TPMS 2020-8-31, 12.25 PM.xcarchive/Products/Applications/USB TPMS.app/Contents/Frameworks/libswiftCoreGraphics.dylib'>', hardenedRuntime='0'>'>
2020-08-31 04:26:26 +0000  Skipping stripping extended attributes of item: <IDEDistributionItem: 0x7f86ee22cb70; bundleID='com.apple.dt.runtime.swiftDarwin', path='<DVTFilePath:0x7f86f15e9760:'/Users/jianzhi.wang/Library/Developer/Xcode/Archives/2020-08-31/USB TPMS 2020-8-31, 12.25 PM.xcarchive/Products/Applications/USB TPMS.app/Contents/Frameworks/libswiftDarwin.dylib'>', codeSigningInfo='<_DVTCodeSigningInformation_Path: 0x7f86efd92bb0; isSigned='1', isAdHocSigned='0', signingCertificate='<DVTSigningCertificate: 0x7f86ee2ce910; name='Apple Development: Steve Yu (QCZM92LM36)', hash='A9F09E23872A74ED66F62A43736D3F6DD730D23F', serialNumber='5A949AFF22ED6A97', certificateKinds='(
    "1.2.840.113635.100.6.1.12",
    "1.2.840.113635.100.6.1.2"
), issueDate='2020-08-03 09:07:26 +0000''>', entitlements='(null)', teamID='HEQGGF6N89', identifier='com.apple.dt.runtime.swiftDarwin', executablePath='<DVTFilePath:0x7f86f15e9760:'/Users/jianzhi.wang/Library/Developer/Xcode/Archives/2020-08-31/USB TPMS 2020-8-31, 12.25 PM.xcarchive/Products/Applications/USB TPMS.app/Contents/Frameworks/libswiftDarwin.dylib'>', hardenedRuntime='0'>'>
2020-08-31 04:26:26 +0000  Skipping stripping extended attributes of item: <IDEDistributionItem: 0x7f86f2f80af0; bundleID='com.apple.dt.runtime.swiftDispatch', path='<DVTFilePath:0x7f86f28924e0:'/Users/jianzhi.wang/Library/Developer/Xcode/Archives/2020-08-31/USB TPMS 2020-8-31, 12.25 PM.xcarchive/Products/Applications/USB TPMS.app/Contents/Frameworks/libswiftDispatch.dylib'>', codeSigningInfo='<_DVTCodeSigningInformation_Path: 0x7f86ee27d3e0; isSigned='1', isAdHocSigned='0', signingCertificate='<DVTSigningCertificate: 0x7f870c49ac90; name='Apple Development: Steve Yu (QCZM92LM36)', hash='A9F09E23872A74ED66F62A43736D3F6DD730D23F', serialNumber='5A949AFF22ED6A97', certificateKinds='(
    "1.2.840.113635.100.6.1.12",
    "1.2.840.113635.100.6.1.2"
), issueDate='2020-08-03 09:07:26 +0000''>', entitlements='(null)', teamID='HEQGGF6N89', identifier='com.apple.dt.runtime.swiftDispatch', executablePath='<DVTFilePath:0x7f86f28924e0:'/Users/jianzhi.wang/Library/Developer/Xcode/Archives/2020-08-31/USB TPMS 2020-8-31, 12.25 PM.xcarchive/Products/Applications/USB TPMS.app/Contents/Frameworks/libswiftDispatch.dylib'>', hardenedRuntime='0'>'>
2020-08-31 04:26:26 +0000  Skipping stripping extended attributes of item: <IDEDistributionItem: 0x7f86f0bb8310; bundleID='com.apple.dt.runtime.swiftFoundation', path='<DVTFilePath:0x7f87028d6200:'/Users/jianzhi.wang/Library/Developer/Xcode/Archives/2020-08-31/USB TPMS 2020-8-31, 12.25 PM.xcarchive/Products/Applications/USB TPMS.app/Contents/Frameworks/libswiftFoundation.dylib'>', codeSigningInfo='<_DVTCodeSigningInformation_Path: 0x7f86ee29d4f0; isSigned='1', isAdHocSigned='0', signingCertificate='<DVTSigningCertificate: 0x7f86ee2ce910; name='Apple Development: Steve Yu (QCZM92LM36)', hash='A9F09E23872A74ED66F62A43736D3F6DD730D23F', serialNumber='5A949AFF22ED6A97', certificateKinds='(
    "1.2.840.113635.100.6.1.12",
    "1.2.840.113635.100.6.1.2"
), issueDate='2020-08-03 09:07:26 +0000''>', entitlements='(null)', teamID='HEQGGF6N89', identifier='com.apple.dt.runtime.swiftFoundation', executablePath='<DVTFilePath:0x7f87028d6200:'/Users/jianzhi.wang/Library/Developer/Xcode/Archives/2020-08-31/USB TPMS 2020-8-31, 12.25 PM.xcarchive/Products/Applications/USB TPMS.app/Contents/Frameworks/libswiftFoundation.dylib'>', hardenedRuntime='0'>'>
2020-08-31 04:26:26 +0000  Skipping stripping extended attributes of item: <IDEDistributionItem: 0x7f86ee25b120; bundleID='com.apple.dt.runtime.swiftIOKit', path='<DVTFilePath:0x7f87116c8670:'/Users/jianzhi.wang/Library/Developer/Xcode/Archives/2020-08-31/USB TPMS 2020-8-31, 12.25 PM.xcarchive/Products/Applications/USB TPMS.app/Contents/Frameworks/libswiftIOKit.dylib'>', codeSigningInfo='<_DVTCodeSigningInformation_Path: 0x7f87197e5f60; isSigned='1', isAdHocSigned='0', signingCertificate='<DVTSigningCertificate: 0x7f870c49ac90; name='Apple Development: Steve Yu (QCZM92LM36)', hash='A9F09E23872A74ED66F62A43736D3F6DD730D23F', serialNumber='5A949AFF22ED6A97', certificateKinds='(
    "1.2.840.113635.100.6.1.12",
    "1.2.840.113635.100.6.1.2"
), issueDate='2020-08-03 09:07:26 +0000''>', entitlements='(null)', teamID='HEQGGF6N89', identifier='com.apple.dt.runtime.swiftIOKit', executablePath='<DVTFilePath:0x7f87116c8670:'/Users/jianzhi.wang/Library/Developer/Xcode/Archives/2020-08-31/USB TPMS 2020-8-31, 12.25 PM.xcarchive/Products/Applications/USB TPMS.app/Contents/Frameworks/libswiftIOKit.dylib'>', hardenedRuntime='0'>'>
2020-08-31 04:26:26 +0000  Skipping stripping extended attributes of item: <IDEDistributionItem: 0x7f86ee294b20; bundleID='com.apple.dt.runtime.swiftObjectiveC', path='<DVTFilePath:0x7f870631c370:'/Users/jianzhi.wang/Library/Developer/Xcode/Archives/2020-08-31/USB TPMS 2020-8-31, 12.25 PM.xcarchive/Products/Applications/USB TPMS.app/Contents/Frameworks/libswiftObjectiveC.dylib'>', codeSigningInfo='<_DVTCodeSigningInformation_Path: 0x7f86ee29e020; isSigned='1', isAdHocSigned='0', signingCertificate='<DVTSigningCertificate: 0x7f86f0a36f30; name='Apple Development: Steve Yu (QCZM92LM36)', hash='A9F09E23872A74ED66F62A43736D3F6DD730D23F', serialNumber='5A949AFF22ED6A97', certificateKinds='(
    "1.2.840.113635.100.6.1.12",
    "1.2.840.113635.100.6.1.2"
), issueDate='2020-08-03 09:07:26 +0000''>', entitlements='(null)', teamID='HEQGGF6N89', identifier='com.apple.dt.runtime.swiftObjectiveC', executablePath='<DVTFilePath:0x7f870631c370:'/Users/jianzhi.wang/Library/Developer/Xcode/Archives/2020-08-31/USB TPMS 2020-8-31, 12.25 PM.xcarchive/Products/Applications/USB TPMS.app/Contents/Frameworks/libswiftObjectiveC.dylib'>', hardenedRuntime='0'>'>
2020-08-31 04:26:26 +0000  Skipping stripping extended attributes of item: <IDEDistributionItem: 0x7f8703fe6820; bundleID='com.openreelsoftware.ORSSerialPort-Tests', path='<DVTFilePath:0x7f8719bfa950:'/Users/jianzhi.wang/Library/Developer/Xcode/Archives/2020-08-31/USB TPMS 2020-8-31, 12.25 PM.xcarchive/Products/Applications/USB TPMS.app/Contents/PlugIns/ORSSerialPort Tests.xctest'>', codeSigningInfo='<_DVTCodeSigningInformation_Path: 0x7f871a4b50a0; isSigned='1', isAdHocSigned='0', signingCertificate='<DVTSigningCertificate: 0x7f86f6005ba0; name='Apple Development: Steve Yu (QCZM92LM36)', hash='A9F09E23872A74ED66F62A43736D3F6DD730D23F', serialNumber='5A949AFF22ED6A97', certificateKinds='(
    "1.2.840.113635.100.6.1.12",
    "1.2.840.113635.100.6.1.2"
), issueDate='2020-08-03 09:07:26 +0000''>', entitlements='(null)', teamID='HEQGGF6N89', identifier='com.openreelsoftware.ORSSerialPort-Tests', executablePath='<DVTFilePath:0x7f8719b7bd60:'/Users/jianzhi.wang/Library/Developer/Xcode/Archives/2020-08-31/USB TPMS 2020-8-31, 12.25 PM.xcarchive/Products/Applications/USB TPMS.app/Contents/PlugIns/ORSSerialPort Tests.xctest/Contents/MacOS/ORSSerialPort Tests'>', hardenedRuntime='0'>'>
2020-08-31 04:26:26 +0000  Running /usr/bin/xattr '-crs' '/var/folders/2_/0wmkjr3518x35122wb_2y2g80000gn/T/XcodeDistPipeline.~~~T4dgOO/Root/Applications/USB TPMS.app'
2020-08-31 04:26:27 +0000  /usr/bin/xattr exited with 0
2020-08-31 04:26:27 +0000  Processing step: IDEDistributionCodesignStep
2020-08-31 04:26:27 +0000  Entitlements for <IDEDistributionItem: 0x7f86ee2f7df0; bundleID='org.cocoapods.Lottie', path='<DVTFilePath:0x7f86ee2934b0:'/Users/jianzhi.wang/Library/Developer/Xcode/Archives/2020-08-31/USB TPMS 2020-8-31, 12.25 PM.xcarchive/Products/Applications/USB TPMS.app/Contents/Frameworks/Lottie.framework/Versions/A'>', codeSigningInfo='<_DVTCodeSigningInformation_Path: 0x7f87197e6300; isSigned='1', isAdHocSigned='0', signingCertificate='<DVTSigningCertificate: 0x7f86f60ac6f0; name='Apple Development: Steve Yu (QCZM92LM36)', hash='A9F09E23872A74ED66F62A43736D3F6DD730D23F', serialNumber='5A949AFF22ED6A97', certificateKinds='(
    "1.2.840.113635.100.6.1.12",
    "1.2.840.113635.100.6.1.2"
), issueDate='2020-08-03 09:07:26 +0000''>', entitlements='(null)', teamID='HEQGGF6N89', identifier='org.cocoapods.Lottie', executablePath='<DVTFilePath:0x7f86eff3a1b0:'/Users/jianzhi.wang/Library/Developer/Xcode/Archives/2020-08-31/USB TPMS 2020-8-31, 12.25 PM.xcarchive/Products/Applications/USB TPMS.app/Contents/Frameworks/Lottie.framework/Versions/A/Lottie'>', hardenedRuntime='0'>'>: {
}
2020-08-31 04:26:27 +0000  Writing entitlements for <IDEDistributionItem: 0x7f86ee2f7df0; bundleID='org.cocoapods.Lottie', path='<DVTFilePath:0x7f86ee2934b0:'/Users/jianzhi.wang/Library/Developer/Xcode/Archives/2020-08-31/USB TPMS 2020-8-31, 12.25 PM.xcarchive/Products/Applications/USB TPMS.app/Contents/Frameworks/Lottie.framework/Versions/A'>', codeSigningInfo='<_DVTCodeSigningInformation_Path: 0x7f87197e6300; isSigned='1', isAdHocSigned='0', signingCertificate='<DVTSigningCertificate: 0x7f86eff3a940; name='Apple Development: Steve Yu (QCZM92LM36)', hash='A9F09E23872A74ED66F62A43736D3F6DD730D23F', serialNumber='5A949AFF22ED6A97', certificateKinds='(
    "1.2.840.113635.100.6.1.12",
    "1.2.840.113635.100.6.1.2"
), issueDate='2020-08-03 09:07:26 +0000''>', entitlements='(null)', teamID='HEQGGF6N89', identifier='org.cocoapods.Lottie', executablePath='<DVTFilePath:0x7f86eff3a1b0:'/Users/jianzhi.wang/Library/Developer/Xcode/Archives/2020-08-31/USB TPMS 2020-8-31, 12.25 PM.xcarchive/Products/Applications/USB TPMS.app/Contents/Frameworks/Lottie.framework/Versions/A/Lottie'>', hardenedRuntime='0'>'> to: /var/folders/2_/0wmkjr3518x35122wb_2y2g80000gn/T/XcodeDistPipeline.~~~T4dgOO/entitlements~~~cojPo0
2020-08-31 04:26:27 +0000  Running /usr/bin/codesign '-vvv' '--force' '--sign' 'A9F09E23872A74ED66F62A43736D3F6DD730D23F' '--entitlements' '/var/folders/2_/0wmkjr3518x35122wb_2y2g80000gn/T/XcodeDistPipeline.~~~T4dgOO/entitlements~~~cojPo0' '--preserve-metadata=identifier,flags,runtime' '/var/folders/2_/0wmkjr3518x35122wb_2y2g80000gn/T/XcodeDistPipeline.~~~T4dgOO/Root/Applications/USB TPMS.app/Contents/Frameworks/Lottie.framework/Versions/A'
2020-08-31 04:26:27 +0000  /var/folders/2_/0wmkjr3518x35122wb_2y2g80000gn/T/XcodeDistPipeline.~~~T4dgOO/Root/Applications/USB TPMS.app/Contents/Frameworks/Lottie.framework/Versions/A: replacing existing signature
2020-08-31 04:26:27 +0000  /var/folders/2_/0wmkjr3518x35122wb_2y2g80000gn/T/XcodeDistPipeline.~~~T4dgOO/Root/Applications/USB TPMS.app/Contents/Frameworks/Lottie.framework/Versions/A: signed bundle with Mach-O thin (x86_64) [org.cocoapods.Lottie]
2020-08-31 04:26:27 +0000  /usr/bin/codesign exited with 0
2020-08-31 04:26:27 +0000  Entitlements for <IDEDistributionItem: 0x7f86f0d9b860; bundleID='com.openreelsoftware.ORSSerial', path='<DVTFilePath:0x7f86ee2a3450:'/Users/jianzhi.wang/Library/Developer/Xcode/Archives/2020-08-31/USB TPMS 2020-8-31, 12.25 PM.xcarchive/Products/Applications/USB TPMS.app/Contents/Frameworks/ORSSerial.framework/Versions/A'>', codeSigningInfo='<_DVTCodeSigningInformation_Path: 0x7f871a4cb630; isSigned='1', isAdHocSigned='0', signingCertificate='<DVTSigningCertificate: 0x7f8702a57a00; name='Apple Development: Steve Yu (QCZM92LM36)', hash='A9F09E23872A74ED66F62A43736D3F6DD730D23F', serialNumber='5A949AFF22ED6A97', certificateKinds='(
    "1.2.840.113635.100.6.1.12",
    "1.2.840.113635.100.6.1.2"
), issueDate='2020-08-03 09:07:26 +0000''>', entitlements='(null)', teamID='HEQGGF6N89', identifier='com.openreelsoftware.ORSSerial', executablePath='<DVTFilePath:0x7f86ee2e2d50:'/Users/jianzhi.wang/Library/Developer/Xcode/Archives/2020-08-31/USB TPMS 2020-8-31, 12.25 PM.xcarchive/Products/Applications/USB TPMS.app/Contents/Frameworks/ORSSerial.framework/Versions/A/ORSSerial'>', hardenedRuntime='0'>'>: {
}
2020-08-31 04:26:27 +0000  Writing entitlements for <IDEDistributionItem: 0x7f86f0d9b860; bundleID='com.openreelsoftware.ORSSerial', path='<DVTFilePath:0x7f86ee2a3450:'/Users/jianzhi.wang/Library/Developer/Xcode/Archives/2020-08-31/USB TPMS 2020-8-31, 12.25 PM.xcarchive/Products/Applications/USB TPMS.app/Contents/Frameworks/ORSSerial.framework/Versions/A'>', codeSigningInfo='<_DVTCodeSigningInformation_Path: 0x7f871a4cb630; isSigned='1', isAdHocSigned='0', signingCertificate='<DVTSigningCertificate: 0x7f86eff598c0; name='Apple Development: Steve Yu (QCZM92LM36)', hash='A9F09E23872A74ED66F62A43736D3F6DD730D23F', serialNumber='5A949AFF22ED6A97', certificateKinds='(
    "1.2.840.113635.100.6.1.12",
    "1.2.840.113635.100.6.1.2"
), issueDate='2020-08-03 09:07:26 +0000''>', entitlements='(null)', teamID='HEQGGF6N89', identifier='com.openreelsoftware.ORSSerial', executablePath='<DVTFilePath:0x7f86ee2e2d50:'/Users/jianzhi.wang/Library/Developer/Xcode/Archives/2020-08-31/USB TPMS 2020-8-31, 12.25 PM.xcarchive/Products/Applications/USB TPMS.app/Contents/Frameworks/ORSSerial.framework/Versions/A/ORSSerial'>', hardenedRuntime='0'>'> to: /var/folders/2_/0wmkjr3518x35122wb_2y2g80000gn/T/XcodeDistPipeline.~~~T4dgOO/entitlements~~~djxFL3
2020-08-31 04:26:27 +0000  Running /usr/bin/codesign '-vvv' '--force' '--sign' 'A9F09E23872A74ED66F62A43736D3F6DD730D23F' '--entitlements' '/var/folders/2_/0wmkjr3518x35122wb_2y2g80000gn/T/XcodeDistPipeline.~~~T4dgOO/entitlements~~~djxFL3' '--preserve-metadata=identifier,flags,runtime' '/var/folders/2_/0wmkjr3518x35122wb_2y2g80000gn/T/XcodeDistPipeline.~~~T4dgOO/Root/Applications/USB TPMS.app/Contents/Frameworks/ORSSerial.framework/Versions/A'
2020-08-31 04:26:27 +0000  /var/folders/2_/0wmkjr3518x35122wb_2y2g80000gn/T/XcodeDistPipeline.~~~T4dgOO/Root/Applications/USB TPMS.app/Contents/Frameworks/ORSSerial.framework/Versions/A: replacing existing signature
2020-08-31 04:26:27 +0000  /var/folders/2_/0wmkjr3518x35122wb_2y2g80000gn/T/XcodeDistPipeline.~~~T4dgOO/Root/Applications/USB TPMS.app/Contents/Frameworks/ORSSerial.framework/Versions/A: signed bundle with Mach-O thin (x86_64) [com.openreelsoftware.ORSSerial]
2020-08-31 04:26:27 +0000  /usr/bin/codesign exited with 0
2020-08-31 04:26:27 +0000  Entitlements for <IDEDistributionItem: 0x7f871a42bc70; bundleID='com.apple.dt.runtime.swiftCore', path='<DVTFilePath:0x7f8711486a80:'/Users/jianzhi.wang/Library/Developer/Xcode/Archives/2020-08-31/USB TPMS 2020-8-31, 12.25 PM.xcarchive/Products/Applications/USB TPMS.app/Contents/Frameworks/libswiftCore.dylib'>', codeSigningInfo='<_DVTCodeSigningInformation_Path: 0x7f86f1357ff0; isSigned='1', isAdHocSigned='0', signingCertificate='<DVTSigningCertificate: 0x7f86f2f7a6e0; name='Apple Development: Steve Yu (QCZM92LM36)', hash='A9F09E23872A74ED66F62A43736D3F6DD730D23F', serialNumber='5A949AFF22ED6A97', certificateKinds='(
    "1.2.840.113635.100.6.1.12",
    "1.2.840.113635.100.6.1.2"
), issueDate='2020-08-03 09:07:26 +0000''>', entitlements='(null)', teamID='HEQGGF6N89', identifier='com.apple.dt.runtime.swiftCore', executablePath='<DVTFilePath:0x7f8711486a80:'/Users/jianzhi.wang/Library/Developer/Xcode/Archives/2020-08-31/USB TPMS 2020-8-31, 12.25 PM.xcarchive/Products/Applications/USB TPMS.app/Contents/Frameworks/libswiftCore.dylib'>', hardenedRuntime='0'>'>: {
}
2020-08-31 04:26:27 +0000  Writing entitlements for <IDEDistributionItem: 0x7f871a42bc70; bundleID='com.apple.dt.runtime.swiftCore', path='<DVTFilePath:0x7f8711486a80:'/Users/jianzhi.wang/Library/Developer/Xcode/Archives/2020-08-31/USB TPMS 2020-8-31, 12.25 PM.xcarchive/Products/Applications/USB TPMS.app/Contents/Frameworks/libswiftCore.dylib'>', codeSigningInfo='<_DVTCodeSigningInformation_Path: 0x7f86f1357ff0; isSigned='1', isAdHocSigned='0', signingCertificate='<DVTSigningCertificate: 0x7f86efff25c0; name='Apple Development: Steve Yu (QCZM92LM36)', hash='A9F09E23872A74ED66F62A43736D3F6DD730D23F', serialNumber='5A949AFF22ED6A97', certificateKinds='(
    "1.2.840.113635.100.6.1.12",
    "1.2.840.113635.100.6.1.2"
), issueDate='2020-08-03 09:07:26 +0000''>', entitlements='(null)', teamID='HEQGGF6N89', identifier='com.apple.dt.runtime.swiftCore', executablePath='<DVTFilePath:0x7f8711486a80:'/Users/jianzhi.wang/Library/Developer/Xcode/Archives/2020-08-31/USB TPMS 2020-8-31, 12.25 PM.xcarchive/Products/Applications/USB TPMS.app/Contents/Frameworks/libswiftCore.dylib'>', hardenedRuntime='0'>'> to: /var/folders/2_/0wmkjr3518x35122wb_2y2g80000gn/T/XcodeDistPipeline.~~~T4dgOO/entitlements~~~ZCPa1Z
2020-08-31 04:26:27 +0000  Running /usr/bin/codesign '-vvv' '--force' '--sign' 'A9F09E23872A74ED66F62A43736D3F6DD730D23F' '--entitlements' '/var/folders/2_/0wmkjr3518x35122wb_2y2g80000gn/T/XcodeDistPipeline.~~~T4dgOO/entitlements~~~ZCPa1Z' '--preserve-metadata=identifier,flags,runtime' '/var/folders/2_/0wmkjr3518x35122wb_2y2g80000gn/T/XcodeDistPipeline.~~~T4dgOO/Root/Applications/USB TPMS.app/Contents/Frameworks/libswiftCore.dylib'
2020-08-31 04:26:27 +0000  /var/folders/2_/0wmkjr3518x35122wb_2y2g80000gn/T/XcodeDistPipeline.~~~T4dgOO/Root/Applications/USB TPMS.app/Contents/Frameworks/libswiftCore.dylib: replacing existing signature
2020-08-31 04:26:27 +0000  /var/folders/2_/0wmkjr3518x35122wb_2y2g80000gn/T/XcodeDistPipeline.~~~T4dgOO/Root/Applications/USB TPMS.app/Contents/Frameworks/libswiftCore.dylib: signed Mach-O thin (x86_64) [com.apple.dt.runtime.swiftCore]
2020-08-31 04:26:27 +0000  /usr/bin/codesign exited with 0
2020-08-31 04:26:27 +0000  Entitlements for <IDEDistributionItem: 0x7f871a142f80; bundleID='com.apple.dt.runtime.swiftCoreFoundation', path='<DVTFilePath:0x7f86f15b3a50:'/Users/jianzhi.wang/Library/Developer/Xcode/Archives/2020-08-31/USB TPMS 2020-8-31, 12.25 PM.xcarchive/Products/Applications/USB TPMS.app/Contents/Frameworks/libswiftCoreFoundation.dylib'>', codeSigningInfo='<_DVTCodeSigningInformation_Path: 0x7f86f08f3870; isSigned='1', isAdHocSigned='0', signingCertificate='<DVTSigningCertificate: 0x7f8719faf9f0; name='Apple Development: Steve Yu (QCZM92LM36)', hash='A9F09E23872A74ED66F62A43736D3F6DD730D23F', serialNumber='5A949AFF22ED6A97', certificateKinds='(
    "1.2.840.113635.100.6.1.12",
    "1.2.840.113635.100.6.1.2"
), issueDate='2020-08-03 09:07:26 +0000''>', entitlements='(null)', teamID='HEQGGF6N89', identifier='com.apple.dt.runtime.swiftCoreFoundation', executablePath='<DVTFilePath:0x7f86f15b3a50:'/Users/jianzhi.wang/Library/Developer/Xcode/Archives/2020-08-31/USB TPMS 2020-8-31, 12.25 PM.xcarchive/Products/Applications/USB TPMS.app/Contents/Frameworks/libswiftCoreFoundation.dylib'>', hardenedRuntime='0'>'>: {
}
2020-08-31 04:26:27 +0000  Writing entitlements for <IDEDistributionItem: 0x7f871a142f80; bundleID='com.apple.dt.runtime.swiftCoreFoundation', path='<DVTFilePath:0x7f86f15b3a50:'/Users/jianzhi.wang/Library/Developer/Xcode/Archives/2020-08-31/USB TPMS 2020-8-31, 12.25 PM.xcarchive/Products/Applications/USB TPMS.app/Contents/Frameworks/libswiftCoreFoundation.dylib'>', codeSigningInfo='<_DVTCodeSigningInformation_Path: 0x7f86f08f3870; isSigned='1', isAdHocSigned='0', signingCertificate='<DVTSigningCertificate: 0x7f86f21901d0; name='Apple Development: Steve Yu (QCZM92LM36)', hash='A9F09E23872A74ED66F62A43736D3F6DD730D23F', serialNumber='5A949AFF22ED6A97', certificateKinds='(
    "1.2.840.113635.100.6.1.12",
    "1.2.840.113635.100.6.1.2"
), issueDate='2020-08-03 09:07:26 +0000''>', entitlements='(null)', teamID='HEQGGF6N89', identifier='com.apple.dt.runtime.swiftCoreFoundation', executablePath='<DVTFilePath:0x7f86f15b3a50:'/Users/jianzhi.wang/Library/Developer/Xcode/Archives/2020-08-31/USB TPMS 2020-8-31, 12.25 PM.xcarchive/Products/Applications/USB TPMS.app/Contents/Frameworks/libswiftCoreFoundation.dylib'>', hardenedRuntime='0'>'> to: /var/folders/2_/0wmkjr3518x35122wb_2y2g80000gn/T/XcodeDistPipeline.~~~T4dgOO/entitlements~~~e7TW56
2020-08-31 04:26:27 +0000  Running /usr/bin/codesign '-vvv' '--force' '--sign' 'A9F09E23872A74ED66F62A43736D3F6DD730D23F' '--entitlements' '/var/folders/2_/0wmkjr3518x35122wb_2y2g80000gn/T/XcodeDistPipeline.~~~T4dgOO/entitlements~~~e7TW56' '--preserve-metadata=identifier,flags,runtime' '/var/folders/2_/0wmkjr3518x35122wb_2y2g80000gn/T/XcodeDistPipeline.~~~T4dgOO/Root/Applications/USB TPMS.app/Contents/Frameworks/libswiftCoreFoundation.dylib'
2020-08-31 04:26:27 +0000  /var/folders/2_/0wmkjr3518x35122wb_2y2g80000gn/T/XcodeDistPipeline.~~~T4dgOO/Root/Applications/USB TPMS.app/Contents/Frameworks/libswiftCoreFoundation.dylib: replacing existing signature
2020-08-31 04:26:27 +0000  /var/folders/2_/0wmkjr3518x35122wb_2y2g80000gn/T/XcodeDistPipeline.~~~T4dgOO/Root/Applications/USB TPMS.app/Contents/Frameworks/libswiftCoreFoundation.dylib: signed Mach-O thin (x86_64) [com.apple.dt.runtime.swiftCoreFoundation]
2020-08-31 04:26:27 +0000  /usr/bin/codesign exited with 0
2020-08-31 04:26:27 +0000  Entitlements for <IDEDistributionItem: 0x7f86ee26ea70; bundleID='com.apple.dt.runtime.swiftCoreGraphics', path='<DVTFilePath:0x7f8716f54890:'/Users/jianzhi.wang/Library/Developer/Xcode/Archives/2020-08-31/USB TPMS 2020-8-31, 12.25 PM.xcarchive/Products/Applications/USB TPMS.app/Contents/Frameworks/libswiftCoreGraphics.dylib'>', codeSigningInfo='<_DVTCodeSigningInformation_Path: 0x7f86ee242220; isSigned='1', isAdHocSigned='0', signingCertificate='<DVTSigningCertificate: 0x7f86ee2ce910; name='Apple Development: Steve Yu (QCZM92LM36)', hash='A9F09E23872A74ED66F62A43736D3F6DD730D23F', serialNumber='5A949AFF22ED6A97', certificateKinds='(
    "1.2.840.113635.100.6.1.12",
    "1.2.840.113635.100.6.1.2"
), issueDate='2020-08-03 09:07:26 +0000''>', entitlements='(null)', teamID='HEQGGF6N89', identifier='com.apple.dt.runtime.swiftCoreGraphics', executablePath='<DVTFilePath:0x7f8716f54890:'/Users/jianzhi.wang/Library/Developer/Xcode/Archives/2020-08-31/USB TPMS 2020-8-31, 12.25 PM.xcarchive/Products/Applications/USB TPMS.app/Contents/Frameworks/libswiftCoreGraphics.dylib'>', hardenedRuntime='0'>'>: {
}
2020-08-31 04:26:27 +0000  Writing entitlements for <IDEDistributionItem: 0x7f86ee26ea70; bundleID='com.apple.dt.runtime.swiftCoreGraphics', path='<DVTFilePath:0x7f8716f54890:'/Users/jianzhi.wang/Library/Developer/Xcode/Archives/2020-08-31/USB TPMS 2020-8-31, 12.25 PM.xcarchive/Products/Applications/USB TPMS.app/Contents/Frameworks/libswiftCoreGraphics.dylib'>', codeSigningInfo='<_DVTCodeSigningInformation_Path: 0x7f86ee242220; isSigned='1', isAdHocSigned='0', signingCertificate='<DVTSigningCertificate: 0x7f86efdd8bf0; name='Apple Development: Steve Yu (QCZM92LM36)', hash='A9F09E23872A74ED66F62A43736D3F6DD730D23F', serialNumber='5A949AFF22ED6A97', certificateKinds='(
    "1.2.840.113635.100.6.1.12",
    "1.2.840.113635.100.6.1.2"
), issueDate='2020-08-03 09:07:26 +0000''>', entitlements='(null)', teamID='HEQGGF6N89', identifier='com.apple.dt.runtime.swiftCoreGraphics', executablePath='<DVTFilePath:0x7f8716f54890:'/Users/jianzhi.wang/Library/Developer/Xcode/Archives/2020-08-31/USB TPMS 2020-8-31, 12.25 PM.xcarchive/Products/Applications/USB TPMS.app/Contents/Frameworks/libswiftCoreGraphics.dylib'>', hardenedRuntime='0'>'> to: /var/folders/2_/0wmkjr3518x35122wb_2y2g80000gn/T/XcodeDistPipeline.~~~T4dgOO/entitlements~~~kEvrBr
2020-08-31 04:26:27 +0000  Running /usr/bin/codesign '-vvv' '--force' '--sign' 'A9F09E23872A74ED66F62A43736D3F6DD730D23F' '--entitlements' '/var/folders/2_/0wmkjr3518x35122wb_2y2g80000gn/T/XcodeDistPipeline.~~~T4dgOO/entitlements~~~kEvrBr' '--preserve-metadata=identifier,flags,runtime' '/var/folders/2_/0wmkjr3518x35122wb_2y2g80000gn/T/XcodeDistPipeline.~~~T4dgOO/Root/Applications/USB TPMS.app/Contents/Frameworks/libswiftCoreGraphics.dylib'
2020-08-31 04:26:27 +0000  /var/folders/2_/0wmkjr3518x35122wb_2y2g80000gn/T/XcodeDistPipeline.~~~T4dgOO/Root/Applications/USB TPMS.app/Contents/Frameworks/libswiftCoreGraphics.dylib: replacing existing signature
2020-08-31 04:26:27 +0000  /var/folders/2_/0wmkjr3518x35122wb_2y2g80000gn/T/XcodeDistPipeline.~~~T4dgOO/Root/Applications/USB TPMS.app/Contents/Frameworks/libswiftCoreGraphics.dylib: signed Mach-O thin (x86_64) [com.apple.dt.runtime.swiftCoreGraphics]
2020-08-31 04:26:27 +0000  /usr/bin/codesign exited with 0
2020-08-31 04:26:27 +0000  Entitlements for <IDEDistributionItem: 0x7f86ee22cb70; bundleID='com.apple.dt.runtime.swiftDarwin', path='<DVTFilePath:0x7f86f15e9760:'/Users/jianzhi.wang/Library/Developer/Xcode/Archives/2020-08-31/USB TPMS 2020-8-31, 12.25 PM.xcarchive/Products/Applications/USB TPMS.app/Contents/Frameworks/libswiftDarwin.dylib'>', codeSigningInfo='<_DVTCodeSigningInformation_Path: 0x7f86efd92bb0; isSigned='1', isAdHocSigned='0', signingCertificate='<DVTSigningCertificate: 0x7f8702a57a00; name='Apple Development: Steve Yu (QCZM92LM36)', hash='A9F09E23872A74ED66F62A43736D3F6DD730D23F', serialNumber='5A949AFF22ED6A97', certificateKinds='(
    "1.2.840.113635.100.6.1.12",
    "1.2.840.113635.100.6.1.2"
), issueDate='2020-08-03 09:07:26 +0000''>', entitlements='(null)', teamID='HEQGGF6N89', identifier='com.apple.dt.runtime.swiftDarwin', executablePath='<DVTFilePath:0x7f86f15e9760:'/Users/jianzhi.wang/Library/Developer/Xcode/Archives/2020-08-31/USB TPMS 2020-8-31, 12.25 PM.xcarchive/Products/Applications/USB TPMS.app/Contents/Frameworks/libswiftDarwin.dylib'>', hardenedRuntime='0'>'>: {
}
2020-08-31 04:26:27 +0000  Writing entitlements for <IDEDistributionItem: 0x7f86ee22cb70; bundleID='com.apple.dt.runtime.swiftDarwin', path='<DVTFilePath:0x7f86f15e9760:'/Users/jianzhi.wang/Library/Developer/Xcode/Archives/2020-08-31/USB TPMS 2020-8-31, 12.25 PM.xcarchive/Products/Applications/USB TPMS.app/Contents/Frameworks/libswiftDarwin.dylib'>', codeSigningInfo='<_DVTCodeSigningInformation_Path: 0x7f86efd92bb0; isSigned='1', isAdHocSigned='0', signingCertificate='<DVTSigningCertificate: 0x7f86efdb7c60; name='Apple Development: Steve Yu (QCZM92LM36)', hash='A9F09E23872A74ED66F62A43736D3F6DD730D23F', serialNumber='5A949AFF22ED6A97', certificateKinds='(
    "1.2.840.113635.100.6.1.12",
    "1.2.840.113635.100.6.1.2"
), issueDate='2020-08-03 09:07:26 +0000''>', entitlements='(null)', teamID='HEQGGF6N89', identifier='com.apple.dt.runtime.swiftDarwin', executablePath='<DVTFilePath:0x7f86f15e9760:'/Users/jianzhi.wang/Library/Developer/Xcode/Archives/2020-08-31/USB TPMS 2020-8-31, 12.25 PM.xcarchive/Products/Applications/USB TPMS.app/Contents/Frameworks/libswiftDarwin.dylib'>', hardenedRuntime='0'>'> to: /var/folders/2_/0wmkjr3518x35122wb_2y2g80000gn/T/XcodeDistPipeline.~~~T4dgOO/entitlements~~~BbkJ5c
2020-08-31 04:26:27 +0000  Running /usr/bin/codesign '-vvv' '--force' '--sign' 'A9F09E23872A74ED66F62A43736D3F6DD730D23F' '--entitlements' '/var/folders/2_/0wmkjr3518x35122wb_2y2g80000gn/T/XcodeDistPipeline.~~~T4dgOO/entitlements~~~BbkJ5c' '--preserve-metadata=identifier,flags,runtime' '/var/folders/2_/0wmkjr3518x35122wb_2y2g80000gn/T/XcodeDistPipeline.~~~T4dgOO/Root/Applications/USB TPMS.app/Contents/Frameworks/libswiftDarwin.dylib'
2020-08-31 04:26:27 +0000  /var/folders/2_/0wmkjr3518x35122wb_2y2g80000gn/T/XcodeDistPipeline.~~~T4dgOO/Root/Applications/USB TPMS.app/Contents/Frameworks/libswiftDarwin.dylib: replacing existing signature
2020-08-31 04:26:27 +0000  /var/folders/2_/0wmkjr3518x35122wb_2y2g80000gn/T/XcodeDistPipeline.~~~T4dgOO/Root/Applications/USB TPMS.app/Contents/Frameworks/libswiftDarwin.dylib: signed Mach-O thin (x86_64) [com.apple.dt.runtime.swiftDarwin]
2020-08-31 04:26:27 +0000  /usr/bin/codesign exited with 0
2020-08-31 04:26:27 +0000  Entitlements for <IDEDistributionItem: 0x7f86f2f80af0; bundleID='com.apple.dt.runtime.swiftDispatch', path='<DVTFilePath:0x7f86f28924e0:'/Users/jianzhi.wang/Library/Developer/Xcode/Archives/2020-08-31/USB TPMS 2020-8-31, 12.25 PM.xcarchive/Products/Applications/USB TPMS.app/Contents/Frameworks/libswiftDispatch.dylib'>', codeSigningInfo='<_DVTCodeSigningInformation_Path: 0x7f86ee27d3e0; isSigned='1', isAdHocSigned='0', signingCertificate='<DVTSigningCertificate: 0x7f87028f5990; name='Apple Development: Steve Yu (QCZM92LM36)', hash='A9F09E23872A74ED66F62A43736D3F6DD730D23F', serialNumber='5A949AFF22ED6A97', certificateKinds='(
    "1.2.840.113635.100.6.1.12",
    "1.2.840.113635.100.6.1.2"
), issueDate='2020-08-03 09:07:26 +0000''>', entitlements='(null)', teamID='HEQGGF6N89', identifier='com.apple.dt.runtime.swiftDispatch', executablePath='<DVTFilePath:0x7f86f28924e0:'/Users/jianzhi.wang/Library/Developer/Xcode/Archives/2020-08-31/USB TPMS 2020-8-31, 12.25 PM.xcarchive/Products/Applications/USB TPMS.app/Contents/Frameworks/libswiftDispatch.dylib'>', hardenedRuntime='0'>'>: {
}
2020-08-31 04:26:27 +0000  Writing entitlements for <IDEDistributionItem: 0x7f86f2f80af0; bundleID='com.apple.dt.runtime.swiftDispatch', path='<DVTFilePath:0x7f86f28924e0:'/Users/jianzhi.wang/Library/Developer/Xcode/Archives/2020-08-31/USB TPMS 2020-8-31, 12.25 PM.xcarchive/Products/Applications/USB TPMS.app/Contents/Frameworks/libswiftDispatch.dylib'>', codeSigningInfo='<_DVTCodeSigningInformation_Path: 0x7f86ee27d3e0; isSigned='1', isAdHocSigned='0', signingCertificate='<DVTSigningCertificate: 0x7f86f603de10; name='Apple Development: Steve Yu (QCZM92LM36)', hash='A9F09E23872A74ED66F62A43736D3F6DD730D23F', serialNumber='5A949AFF22ED6A97', certificateKinds='(
    "1.2.840.113635.100.6.1.12",
    "1.2.840.113635.100.6.1.2"
), issueDate='2020-08-03 09:07:26 +0000''>', entitlements='(null)', teamID='HEQGGF6N89', identifier='com.apple.dt.runtime.swiftDispatch', executablePath='<DVTFilePath:0x7f86f28924e0:'/Users/jianzhi.wang/Library/Developer/Xcode/Archives/2020-08-31/USB TPMS 2020-8-31, 12.25 PM.xcarchive/Products/Applications/USB TPMS.app/Contents/Frameworks/libswiftDispatch.dylib'>', hardenedRuntime='0'>'> to: /var/folders/2_/0wmkjr3518x35122wb_2y2g80000gn/T/XcodeDistPipeline.~~~T4dgOO/entitlements~~~etzije
2020-08-31 04:26:27 +0000  Running /usr/bin/codesign '-vvv' '--force' '--sign' 'A9F09E23872A74ED66F62A43736D3F6DD730D23F' '--entitlements' '/var/folders/2_/0wmkjr3518x35122wb_2y2g80000gn/T/XcodeDistPipeline.~~~T4dgOO/entitlements~~~etzije' '--preserve-metadata=identifier,flags,runtime' '/var/folders/2_/0wmkjr3518x35122wb_2y2g80000gn/T/XcodeDistPipeline.~~~T4dgOO/Root/Applications/USB TPMS.app/Contents/Frameworks/libswiftDispatch.dylib'
2020-08-31 04:26:27 +0000  /var/folders/2_/0wmkjr3518x35122wb_2y2g80000gn/T/XcodeDistPipeline.~~~T4dgOO/Root/Applications/USB TPMS.app/Contents/Frameworks/libswiftDispatch.dylib: replacing existing signature
2020-08-31 04:26:27 +0000  /var/folders/2_/0wmkjr3518x35122wb_2y2g80000gn/T/XcodeDistPipeline.~~~T4dgOO/Root/Applications/USB TPMS.app/Contents/Frameworks/libswiftDispatch.dylib: signed Mach-O thin (x86_64) [com.apple.dt.runtime.swiftDispatch]
2020-08-31 04:26:27 +0000  /usr/bin/codesign exited with 0
2020-08-31 04:26:27 +0000  Entitlements for <IDEDistributionItem: 0x7f86f0bb8310; bundleID='com.apple.dt.runtime.swiftFoundation', path='<DVTFilePath:0x7f87028d6200:'/Users/jianzhi.wang/Library/Developer/Xcode/Archives/2020-08-31/USB TPMS 2020-8-31, 12.25 PM.xcarchive/Products/Applications/USB TPMS.app/Contents/Frameworks/libswiftFoundation.dylib'>', codeSigningInfo='<_DVTCodeSigningInformation_Path: 0x7f86ee29d4f0; isSigned='1', isAdHocSigned='0', signingCertificate='<DVTSigningCertificate: 0x7f86f60ac6f0; name='Apple Development: Steve Yu (QCZM92LM36)', hash='A9F09E23872A74ED66F62A43736D3F6DD730D23F', serialNumber='5A949AFF22ED6A97', certificateKinds='(
    "1.2.840.113635.100.6.1.12",
    "1.2.840.113635.100.6.1.2"
), issueDate='2020-08-03 09:07:26 +0000''>', entitlements='(null)', teamID='HEQGGF6N89', identifier='com.apple.dt.runtime.swiftFoundation', executablePath='<DVTFilePath:0x7f87028d6200:'/Users/jianzhi.wang/Library/Developer/Xcode/Archives/2020-08-31/USB TPMS 2020-8-31, 12.25 PM.xcarchive/Products/Applications/USB TPMS.app/Contents/Frameworks/libswiftFoundation.dylib'>', hardenedRuntime='0'>'>: {
}
2020-08-31 04:26:27 +0000  Writing entitlements for <IDEDistributionItem: 0x7f86f0bb8310; bundleID='com.apple.dt.runtime.swiftFoundation', path='<DVTFilePath:0x7f87028d6200:'/Users/jianzhi.wang/Library/Developer/Xcode/Archives/2020-08-31/USB TPMS 2020-8-31, 12.25 PM.xcarchive/Products/Applications/USB TPMS.app/Contents/Frameworks/libswiftFoundation.dylib'>', codeSigningInfo='<_DVTCodeSigningInformation_Path: 0x7f86ee29d4f0; isSigned='1', isAdHocSigned='0', signingCertificate='<DVTSigningCertificate: 0x7f86efdd8b70; name='Apple Development: Steve Yu (QCZM92LM36)', hash='A9F09E23872A74ED66F62A43736D3F6DD730D23F', serialNumber='5A949AFF22ED6A97', certificateKinds='(
    "1.2.840.113635.100.6.1.12",
    "1.2.840.113635.100.6.1.2"
), issueDate='2020-08-03 09:07:26 +0000''>', entitlements='(null)', teamID='HEQGGF6N89', identifier='com.apple.dt.runtime.swiftFoundation', executablePath='<DVTFilePath:0x7f87028d6200:'/Users/jianzhi.wang/Library/Developer/Xcode/Archives/2020-08-31/USB TPMS 2020-8-31, 12.25 PM.xcarchive/Products/Applications/USB TPMS.app/Contents/Frameworks/libswiftFoundation.dylib'>', hardenedRuntime='0'>'> to: /var/folders/2_/0wmkjr3518x35122wb_2y2g80000gn/T/XcodeDistPipeline.~~~T4dgOO/entitlements~~~RAbDS8
2020-08-31 04:26:27 +0000  Running /usr/bin/codesign '-vvv' '--force' '--sign' 'A9F09E23872A74ED66F62A43736D3F6DD730D23F' '--entitlements' '/var/folders/2_/0wmkjr3518x35122wb_2y2g80000gn/T/XcodeDistPipeline.~~~T4dgOO/entitlements~~~RAbDS8' '--preserve-metadata=identifier,flags,runtime' '/var/folders/2_/0wmkjr3518x35122wb_2y2g80000gn/T/XcodeDistPipeline.~~~T4dgOO/Root/Applications/USB TPMS.app/Contents/Frameworks/libswiftFoundation.dylib'
2020-08-31 04:26:27 +0000  /var/folders/2_/0wmkjr3518x35122wb_2y2g80000gn/T/XcodeDistPipeline.~~~T4dgOO/Root/Applications/USB TPMS.app/Contents/Frameworks/libswiftFoundation.dylib: replacing existing signature
2020-08-31 04:26:27 +0000  /var/folders/2_/0wmkjr3518x35122wb_2y2g80000gn/T/XcodeDistPipeline.~~~T4dgOO/Root/Applications/USB TPMS.app/Contents/Frameworks/libswiftFoundation.dylib: signed Mach-O thin (x86_64) [com.apple.dt.runtime.swiftFoundation]
2020-08-31 04:26:27 +0000  /usr/bin/codesign exited with 0
2020-08-31 04:26:27 +0000  Entitlements for <IDEDistributionItem: 0x7f86ee25b120; bundleID='com.apple.dt.runtime.swiftIOKit', path='<DVTFilePath:0x7f87116c8670:'/Users/jianzhi.wang/Library/Developer/Xcode/Archives/2020-08-31/USB TPMS 2020-8-31, 12.25 PM.xcarchive/Products/Applications/USB TPMS.app/Contents/Frameworks/libswiftIOKit.dylib'>', codeSigningInfo='<_DVTCodeSigningInformation_Path: 0x7f87197e5f60; isSigned='1', isAdHocSigned='0', signingCertificate='<DVTSigningCertificate: 0x7f86f5aa8830; name='Apple Development: Steve Yu (QCZM92LM36)', hash='A9F09E23872A74ED66F62A43736D3F6DD730D23F', serialNumber='5A949AFF22ED6A97', certificateKinds='(
    "1.2.840.113635.100.6.1.12",
    "1.2.840.113635.100.6.1.2"
), issueDate='2020-08-03 09:07:26 +0000''>', entitlements='(null)', teamID='HEQGGF6N89', identifier='com.apple.dt.runtime.swiftIOKit', executablePath='<DVTFilePath:0x7f87116c8670:'/Users/jianzhi.wang/Library/Developer/Xcode/Archives/2020-08-31/USB TPMS 2020-8-31, 12.25 PM.xcarchive/Products/Applications/USB TPMS.app/Contents/Frameworks/libswiftIOKit.dylib'>', hardenedRuntime='0'>'>: {
}
2020-08-31 04:26:27 +0000  Writing entitlements for <IDEDistributionItem: 0x7f86ee25b120; bundleID='com.apple.dt.runtime.swiftIOKit', path='<DVTFilePath:0x7f87116c8670:'/Users/jianzhi.wang/Library/Developer/Xcode/Archives/2020-08-31/USB TPMS 2020-8-31, 12.25 PM.xcarchive/Products/Applications/USB TPMS.app/Contents/Frameworks/libswiftIOKit.dylib'>', codeSigningInfo='<_DVTCodeSigningInformation_Path: 0x7f87197e5f60; isSigned='1', isAdHocSigned='0', signingCertificate='<DVTSigningCertificate: 0x7f86efff25c0; name='Apple Development: Steve Yu (QCZM92LM36)', hash='A9F09E23872A74ED66F62A43736D3F6DD730D23F', serialNumber='5A949AFF22ED6A97', certificateKinds='(
    "1.2.840.113635.100.6.1.12",
    "1.2.840.113635.100.6.1.2"
), issueDate='2020-08-03 09:07:26 +0000''>', entitlements='(null)', teamID='HEQGGF6N89', identifier='com.apple.dt.runtime.swiftIOKit', executablePath='<DVTFilePath:0x7f87116c8670:'/Users/jianzhi.wang/Library/Developer/Xcode/Archives/2020-08-31/USB TPMS 2020-8-31, 12.25 PM.xcarchive/Products/Applications/USB TPMS.app/Contents/Frameworks/libswiftIOKit.dylib'>', hardenedRuntime='0'>'> to: /var/folders/2_/0wmkjr3518x35122wb_2y2g80000gn/T/XcodeDistPipeline.~~~T4dgOO/entitlements~~~K4djxQ
2020-08-31 04:26:27 +0000  Running /usr/bin/codesign '-vvv' '--force' '--sign' 'A9F09E23872A74ED66F62A43736D3F6DD730D23F' '--entitlements' '/var/folders/2_/0wmkjr3518x35122wb_2y2g80000gn/T/XcodeDistPipeline.~~~T4dgOO/entitlements~~~K4djxQ' '--preserve-metadata=identifier,flags,runtime' '/var/folders/2_/0wmkjr3518x35122wb_2y2g80000gn/T/XcodeDistPipeline.~~~T4dgOO/Root/Applications/USB TPMS.app/Contents/Frameworks/libswiftIOKit.dylib'
2020-08-31 04:26:27 +0000  /var/folders/2_/0wmkjr3518x35122wb_2y2g80000gn/T/XcodeDistPipeline.~~~T4dgOO/Root/Applications/USB TPMS.app/Contents/Frameworks/libswiftIOKit.dylib: replacing existing signature
2020-08-31 04:26:28 +0000  /var/folders/2_/0wmkjr3518x35122wb_2y2g80000gn/T/XcodeDistPipeline.~~~T4dgOO/Root/Applications/USB TPMS.app/Contents/Frameworks/libswiftIOKit.dylib: signed Mach-O thin (x86_64) [com.apple.dt.runtime.swiftIOKit]
2020-08-31 04:26:28 +0000  /usr/bin/codesign exited with 0
2020-08-31 04:26:28 +0000  Entitlements for <IDEDistributionItem: 0x7f86ee294b20; bundleID='com.apple.dt.runtime.swiftObjectiveC', path='<DVTFilePath:0x7f870631c370:'/Users/jianzhi.wang/Library/Developer/Xcode/Archives/2020-08-31/USB TPMS 2020-8-31, 12.25 PM.xcarchive/Products/Applications/USB TPMS.app/Contents/Frameworks/libswiftObjectiveC.dylib'>', codeSigningInfo='<_DVTCodeSigningInformation_Path: 0x7f86ee29e020; isSigned='1', isAdHocSigned='0', signingCertificate='<DVTSigningCertificate: 0x7f86f0af7710; name='Apple Development: Steve Yu (QCZM92LM36)', hash='A9F09E23872A74ED66F62A43736D3F6DD730D23F', serialNumber='5A949AFF22ED6A97', certificateKinds='(
    "1.2.840.113635.100.6.1.12",
    "1.2.840.113635.100.6.1.2"
), issueDate='2020-08-03 09:07:26 +0000''>', entitlements='(null)', teamID='HEQGGF6N89', identifier='com.apple.dt.runtime.swiftObjectiveC', executablePath='<DVTFilePath:0x7f870631c370:'/Users/jianzhi.wang/Library/Developer/Xcode/Archives/2020-08-31/USB TPMS 2020-8-31, 12.25 PM.xcarchive/Products/Applications/USB TPMS.app/Contents/Frameworks/libswiftObjectiveC.dylib'>', hardenedRuntime='0'>'>: {
}
2020-08-31 04:26:28 +0000  Writing entitlements for <IDEDistributionItem: 0x7f86ee294b20; bundleID='com.apple.dt.runtime.swiftObjectiveC', path='<DVTFilePath:0x7f870631c370:'/Users/jianzhi.wang/Library/Developer/Xcode/Archives/2020-08-31/USB TPMS 2020-8-31, 12.25 PM.xcarchive/Products/Applications/USB TPMS.app/Contents/Frameworks/libswiftObjectiveC.dylib'>', codeSigningInfo='<_DVTCodeSigningInformation_Path: 0x7f86ee29e020; isSigned='1', isAdHocSigned='0', signingCertificate='<DVTSigningCertificate: 0x7f86efdd80b0; name='Apple Development: Steve Yu (QCZM92LM36)', hash='A9F09E23872A74ED66F62A43736D3F6DD730D23F', serialNumber='5A949AFF22ED6A97', certificateKinds='(
    "1.2.840.113635.100.6.1.12",
    "1.2.840.113635.100.6.1.2"
), issueDate='2020-08-03 09:07:26 +0000''>', entitlements='(null)', teamID='HEQGGF6N89', identifier='com.apple.dt.runtime.swiftObjectiveC', executablePath='<DVTFilePath:0x7f870631c370:'/Users/jianzhi.wang/Library/Developer/Xcode/Archives/2020-08-31/USB TPMS 2020-8-31, 12.25 PM.xcarchive/Products/Applications/USB TPMS.app/Contents/Frameworks/libswiftObjectiveC.dylib'>', hardenedRuntime='0'>'> to: /var/folders/2_/0wmkjr3518x35122wb_2y2g80000gn/T/XcodeDistPipeline.~~~T4dgOO/entitlements~~~yIrvzi
2020-08-31 04:26:28 +0000  Running /usr/bin/codesign '-vvv' '--force' '--sign' 'A9F09E23872A74ED66F62A43736D3F6DD730D23F' '--entitlements' '/var/folders/2_/0wmkjr3518x35122wb_2y2g80000gn/T/XcodeDistPipeline.~~~T4dgOO/entitlements~~~yIrvzi' '--preserve-metadata=identifier,flags,runtime' '/var/folders/2_/0wmkjr3518x35122wb_2y2g80000gn/T/XcodeDistPipeline.~~~T4dgOO/Root/Applications/USB TPMS.app/Contents/Frameworks/libswiftObjectiveC.dylib'
2020-08-31 04:26:28 +0000  /var/folders/2_/0wmkjr3518x35122wb_2y2g80000gn/T/XcodeDistPipeline.~~~T4dgOO/Root/Applications/USB TPMS.app/Contents/Frameworks/libswiftObjectiveC.dylib: replacing existing signature
2020-08-31 04:26:28 +0000  /var/folders/2_/0wmkjr3518x35122wb_2y2g80000gn/T/XcodeDistPipeline.~~~T4dgOO/Root/Applications/USB TPMS.app/Contents/Frameworks/libswiftObjectiveC.dylib: signed Mach-O thin (x86_64) [com.apple.dt.runtime.swiftObjectiveC]
2020-08-31 04:26:28 +0000  /usr/bin/codesign exited with 0
2020-08-31 04:26:28 +0000  Entitlements for <IDEDistributionItem: 0x7f8703fe6820; bundleID='com.openreelsoftware.ORSSerialPort-Tests', path='<DVTFilePath:0x7f8719bfa950:'/Users/jianzhi.wang/Library/Developer/Xcode/Archives/2020-08-31/USB TPMS 2020-8-31, 12.25 PM.xcarchive/Products/Applications/USB TPMS.app/Contents/PlugIns/ORSSerialPort Tests.xctest'>', codeSigningInfo='<_DVTCodeSigningInformation_Path: 0x7f871a4b50a0; isSigned='1', isAdHocSigned='0', signingCertificate='<DVTSigningCertificate: 0x7f86f0a494c0; name='Apple Development: Steve Yu (QCZM92LM36)', hash='A9F09E23872A74ED66F62A43736D3F6DD730D23F', serialNumber='5A949AFF22ED6A97', certificateKinds='(
    "1.2.840.113635.100.6.1.12",
    "1.2.840.113635.100.6.1.2"
), issueDate='2020-08-03 09:07:26 +0000''>', entitlements='(null)', teamID='HEQGGF6N89', identifier='com.openreelsoftware.ORSSerialPort-Tests', executablePath='<DVTFilePath:0x7f8719b7bd60:'/Users/jianzhi.wang/Library/Developer/Xcode/Archives/2020-08-31/USB TPMS 2020-8-31, 12.25 PM.xcarchive/Products/Applications/USB TPMS.app/Contents/PlugIns/ORSSerialPort Tests.xctest/Contents/MacOS/ORSSerialPort Tests'>', hardenedRuntime='0'>'>: {
}
2020-08-31 04:26:28 +0000  Writing entitlements for <IDEDistributionItem: 0x7f8703fe6820; bundleID='com.openreelsoftware.ORSSerialPort-Tests', path='<DVTFilePath:0x7f8719bfa950:'/Users/jianzhi.wang/Library/Developer/Xcode/Archives/2020-08-31/USB TPMS 2020-8-31, 12.25 PM.xcarchive/Products/Applications/USB TPMS.app/Contents/PlugIns/ORSSerialPort Tests.xctest'>', codeSigningInfo='<_DVTCodeSigningInformation_Path: 0x7f871a4b50a0; isSigned='1', isAdHocSigned='0', signingCertificate='<DVTSigningCertificate: 0x7f86efdd80a0; name='Apple Development: Steve Yu (QCZM92LM36)', hash='A9F09E23872A74ED66F62A43736D3F6DD730D23F', serialNumber='5A949AFF22ED6A97', certificateKinds='(
    "1.2.840.113635.100.6.1.12",
    "1.2.840.113635.100.6.1.2"
), issueDate='2020-08-03 09:07:26 +0000''>', entitlements='(null)', teamID='HEQGGF6N89', identifier='com.openreelsoftware.ORSSerialPort-Tests', executablePath='<DVTFilePath:0x7f8719b7bd60:'/Users/jianzhi.wang/Library/Developer/Xcode/Archives/2020-08-31/USB TPMS 2020-8-31, 12.25 PM.xcarchive/Products/Applications/USB TPMS.app/Contents/PlugIns/ORSSerialPort Tests.xctest/Contents/MacOS/ORSSerialPort Tests'>', hardenedRuntime='0'>'> to: /var/folders/2_/0wmkjr3518x35122wb_2y2g80000gn/T/XcodeDistPipeline.~~~T4dgOO/entitlements~~~d0P2GT
2020-08-31 04:26:28 +0000  Running /usr/bin/codesign '-vvv' '--force' '--sign' 'A9F09E23872A74ED66F62A43736D3F6DD730D23F' '--entitlements' '/var/folders/2_/0wmkjr3518x35122wb_2y2g80000gn/T/XcodeDistPipeline.~~~T4dgOO/entitlements~~~d0P2GT' '--preserve-metadata=identifier,flags,runtime' '/var/folders/2_/0wmkjr3518x35122wb_2y2g80000gn/T/XcodeDistPipeline.~~~T4dgOO/Root/Applications/USB TPMS.app/Contents/PlugIns/ORSSerialPort Tests.xctest'
2020-08-31 04:26:28 +0000  /var/folders/2_/0wmkjr3518x35122wb_2y2g80000gn/T/XcodeDistPipeline.~~~T4dgOO/Root/Applications/USB TPMS.app/Contents/PlugIns/ORSSerialPort Tests.xctest: replacing existing signature
2020-08-31 04:26:28 +0000  /var/folders/2_/0wmkjr3518x35122wb_2y2g80000gn/T/XcodeDistPipeline.~~~T4dgOO/Root/Applications/USB TPMS.app/Contents/PlugIns/ORSSerialPort Tests.xctest: signed bundle with Mach-O thin (x86_64) [com.openreelsoftware.ORSSerialPort-Tests]
2020-08-31 04:26:28 +0000  /usr/bin/codesign exited with 0
2020-08-31 04:26:28 +0000  Entitlements for <IDEDistributionItem: 0x7f86ee2435b0; bundleID='orange.macos.usbtpms', path='<DVTFilePath:0x7f86f211cc60:'/Users/jianzhi.wang/Library/Developer/Xcode/Archives/2020-08-31/USB TPMS 2020-8-31, 12.25 PM.xcarchive/Products/Applications/USB TPMS.app'>', codeSigningInfo='<_DVTCodeSigningInformation_Path: 0x7f86ee272580; isSigned='1', isAdHocSigned='0', signingCertificate='<DVTSigningCertificate: 0x7f86f2f7ccc0; name='Apple Development: Steve Yu (QCZM92LM36)', hash='A9F09E23872A74ED66F62A43736D3F6DD730D23F', serialNumber='5A949AFF22ED6A97', certificateKinds='(
    "1.2.840.113635.100.6.1.12",
    "1.2.840.113635.100.6.1.2"
), issueDate='2020-08-03 09:07:26 +0000''>', entitlements='{
}', teamID='HEQGGF6N89', identifier='orange.macos.usbtpms', executablePath='<DVTFilePath:0x7f86ed24bc70:'/Users/jianzhi.wang/Library/Developer/Xcode/Archives/2020-08-31/USB TPMS 2020-8-31, 12.25 PM.xcarchive/Products/Applications/USB TPMS.app/Contents/MacOS/USB TPMS'>', hardenedRuntime='0'>'>: {
}
2020-08-31 04:26:28 +0000  Writing entitlements for <IDEDistributionItem: 0x7f86ee2435b0; bundleID='orange.macos.usbtpms', path='<DVTFilePath:0x7f86f211cc60:'/Users/jianzhi.wang/Library/Developer/Xcode/Archives/2020-08-31/USB TPMS 2020-8-31, 12.25 PM.xcarchive/Products/Applications/USB TPMS.app'>', codeSigningInfo='<_DVTCodeSigningInformation_Path: 0x7f86ee272580; isSigned='1', isAdHocSigned='0', signingCertificate='<DVTSigningCertificate: 0x7f86ee288dd0; name='Apple Development: Steve Yu (QCZM92LM36)', hash='A9F09E23872A74ED66F62A43736D3F6DD730D23F', serialNumber='5A949AFF22ED6A97', certificateKinds='(
    "1.2.840.113635.100.6.1.12",
    "1.2.840.113635.100.6.1.2"
), issueDate='2020-08-03 09:07:26 +0000''>', entitlements='{
}', teamID='HEQGGF6N89', identifier='orange.macos.usbtpms', executablePath='<DVTFilePath:0x7f86ed24bc70:'/Users/jianzhi.wang/Library/Developer/Xcode/Archives/2020-08-31/USB TPMS 2020-8-31, 12.25 PM.xcarchive/Products/Applications/USB TPMS.app/Contents/MacOS/USB TPMS'>', hardenedRuntime='0'>'> to: /var/folders/2_/0wmkjr3518x35122wb_2y2g80000gn/T/XcodeDistPipeline.~~~T4dgOO/entitlements~~~Gz8Zvs
2020-08-31 04:26:28 +0000  Running /usr/bin/codesign '-vvv' '--force' '--sign' 'A9F09E23872A74ED66F62A43736D3F6DD730D23F' '--entitlements' '/var/folders/2_/0wmkjr3518x35122wb_2y2g80000gn/T/XcodeDistPipeline.~~~T4dgOO/entitlements~~~Gz8Zvs' '--preserve-metadata=identifier,flags,runtime' '/var/folders/2_/0wmkjr3518x35122wb_2y2g80000gn/T/XcodeDistPipeline.~~~T4dgOO/Root/Applications/USB TPMS.app'
2020-08-31 04:26:28 +0000  /var/folders/2_/0wmkjr3518x35122wb_2y2g80000gn/T/XcodeDistPipeline.~~~T4dgOO/Root/Applications/USB TPMS.app: replacing existing signature
2020-08-31 04:26:28 +0000  /var/folders/2_/0wmkjr3518x35122wb_2y2g80000gn/T/XcodeDistPipeline.~~~T4dgOO/Root/Applications/USB TPMS.app: signed app bundle with Mach-O thin (x86_64) [orange.macos.usbtpms]
2020-08-31 04:26:28 +0000  /usr/bin/codesign exited with 0
2020-08-31 04:26:28 +0000  Processing step: IDEDistributionZipODRItemStep
2020-08-31 04:26:28 +0000  Skipping step: IDEDistributionZipODRItemStep because it said so
2020-08-31 04:26:28 +0000  Skipping step: IDEDistributionZipODRItemStep because it said so
2020-08-31 04:26:28 +0000  Skipping step: IDEDistributionZipODRItemStep because it said so
2020-08-31 04:26:28 +0000  Skipping step: IDEDistributionZipODRItemStep because it said so
2020-08-31 04:26:28 +0000  Skipping step: IDEDistributionZipODRItemStep because it said so
2020-08-31 04:26:28 +0000  Skipping step: IDEDistributionZipODRItemStep because it said so
2020-08-31 04:26:28 +0000  Skipping step: IDEDistributionZipODRItemStep because it said so
2020-08-31 04:26:28 +0000  Skipping step: IDEDistributionZipODRItemStep because it said so
2020-08-31 04:26:28 +0000  Skipping step: IDEDistributionZipODRItemStep because it said so
2020-08-31 04:26:28 +0000  Skipping step: IDEDistributionZipODRItemStep because it said so
2020-08-31 04:26:28 +0000  Skipping step: IDEDistributionZipODRItemStep because it said so
2020-08-31 04:26:28 +0000  Skipping step: IDEDistributionZipODRItemStep because it said so
2020-08-31 04:26:28 +0000  Processing step: IDEDistributionSkipPackagingStep
2020-08-31 04:26:28 +0000  Processing step: IDEDistributionAppStoreInformationStep
2020-08-31 04:26:28 +0000  Skipping step: IDEDistributionAppStoreInformationStep because it said so
2020-08-31 04:26:28 +0000  Processing step: IDEDistributionGenerateProcessedDistributionItems
2020-08-31 04:26:28 +0000  Processing step: IDEDistributionCreateManifestStep
2020-08-31 04:26:28 +0000  Skipping step: IDEDistributionCreateManifestStep because it said so
